Info: *******************************************************************
Info: Running Quartus Prime Analysis & Synthesis
    Info: Version 20.1.1 Build 720 11/11/2020 SJ Standard Edition
    Info: Copyright (C) 2020  Intel Corporation. All rights reserved.
    Info: Your use of Intel Corporation's design tools, logic functions 
    Info: and other software and tools, and any partner logic 
    Info: functions, and any output files from any of the foregoing 
    Info: (including device programming or simulation files), and any 
    Info: associated documentation or information are expressly subject 
    Info: to the terms and conditions of the Intel Program License 
    Info: Subscription Agreement, the Intel Quartus Prime License Agreement,
    Info: the Intel FPGA IP License Agreement, or other applicable license
    Info: agreement, including, without limitation, that your use is for
    Info: the sole purpose of programming logic devices manufactured by
    Info: Intel and sold by Intel or its authorized distributors.  Please
    Info: refer to the applicable agreement for further details, at
    Info: https://fpgasoftware.intel.com/eula.
    Info: Processing started: Mon Apr 25 11:34:11 2022
Info: Command: quartus_map --read_settings_files=on --write_settings_files=off toolflow -c toolflow
Info (125068): Revision "toolflow" was previously opened in Quartus II software version 18.0.0 Standard Edition. Created Quartus Prime Default Settings File /home/zrhirst/Documents/S22/SingleCycleMIPSProcessor/single-cycle-mips-processor-group-1_02/cpre381-toolflow/internal/QuartusWork/toolflow_assignment_defaults.qdf, which contains the default assignment setting information from Quartus II software version 18.0.0 Standard Edition.
Info (125069): Default assignment values were changed in the current version of the Quartus Prime software -- changes to default assignments values are contained in file /usr/local/quartus/20.1/quartus/linux64/assignment_defaults.qdf
Warning (18236): Number of processors has not been specified which may cause overloading on shared machines.  Set the global assignment NUM_PARALLEL_PROCESSORS in your QSF to an appropriate value for best performance.
Info (20030): Parallel compilation is enabled and will use 12 of the 12 processors detected
Info (12021): Found 2 design units, including 0 entities, in source file /home/zrhirst/Documents/S22/SingleCycleMIPSProcessor/single-cycle-mips-processor-group-1_02/cpre381-toolflow/proj/src/MIPS_types.vhd
    Info (12022): Found design unit 1: MIPS_types File: /home/zrhirst/Documents/S22/SingleCycleMIPSProcessor/single-cycle-mips-processor-group-1_02/cpre381-toolflow/proj/src/MIPS_types.vhd Line: 15
    Info (12022): Found design unit 2: MIPS_types-body File: /home/zrhirst/Documents/S22/SingleCycleMIPSProcessor/single-cycle-mips-processor-group-1_02/cpre381-toolflow/proj/src/MIPS_types.vhd Line: 29
Info (12021): Found 2 design units, including 1 entities, in source file /home/zrhirst/Documents/S22/SingleCycleMIPSProcessor/single-cycle-mips-processor-group-1_02/cpre381-toolflow/proj/src/TopLevel/1scomp.vhd
    Info (12022): Found design unit 1: onescomp-structural File: /home/zrhirst/Documents/S22/SingleCycleMIPSProcessor/single-cycle-mips-processor-group-1_02/cpre381-toolflow/proj/src/TopLevel/1scomp.vhd Line: 10
    Info (12023): Found entity 1: onescomp File: /home/zrhirst/Documents/S22/SingleCycleMIPSProcessor/single-cycle-mips-processor-group-1_02/cpre381-toolflow/proj/src/TopLevel/1scomp.vhd Line: 4
Info (12021): Found 2 design units, including 1 entities, in source file /home/zrhirst/Documents/S22/SingleCycleMIPSProcessor/single-cycle-mips-processor-group-1_02/cpre381-toolflow/proj/src/TopLevel/ALU.vhd
    Info (12022): Found design unit 1: ALU-struct File: /home/zrhirst/Documents/S22/SingleCycleMIPSProcessor/single-cycle-mips-processor-group-1_02/cpre381-toolflow/proj/src/TopLevel/ALU.vhd Line: 16
    Info (12023): Found entity 1: ALU File: /home/zrhirst/Documents/S22/SingleCycleMIPSProcessor/single-cycle-mips-processor-group-1_02/cpre381-toolflow/proj/src/TopLevel/ALU.vhd Line: 4
Info (12021): Found 2 design units, including 1 entities, in source file /home/zrhirst/Documents/S22/SingleCycleMIPSProcessor/single-cycle-mips-processor-group-1_02/cpre381-toolflow/proj/src/TopLevel/AdderSub.vhd
    Info (12022): Found design unit 1: AdderSub-structural File: /home/zrhirst/Documents/S22/SingleCycleMIPSProcessor/single-cycle-mips-processor-group-1_02/cpre381-toolflow/proj/src/TopLevel/AdderSub.vhd Line: 15
    Info (12023): Found entity 1: AdderSub File: /home/zrhirst/Documents/S22/SingleCycleMIPSProcessor/single-cycle-mips-processor-group-1_02/cpre381-toolflow/proj/src/TopLevel/AdderSub.vhd Line: 4
Info (12021): Found 2 design units, including 1 entities, in source file /home/zrhirst/Documents/S22/SingleCycleMIPSProcessor/single-cycle-mips-processor-group-1_02/cpre381-toolflow/proj/src/TopLevel/Adder_N.vhd
    Info (12022): Found design unit 1: full_adder_N-structural File: /home/zrhirst/Documents/S22/SingleCycleMIPSProcessor/single-cycle-mips-processor-group-1_02/cpre381-toolflow/proj/src/TopLevel/Adder_N.vhd Line: 14
    Info (12023): Found entity 1: full_adder_N File: /home/zrhirst/Documents/S22/SingleCycleMIPSProcessor/single-cycle-mips-processor-group-1_02/cpre381-toolflow/proj/src/TopLevel/Adder_N.vhd Line: 4
Info (12021): Found 2 design units, including 1 entities, in source file /home/zrhirst/Documents/S22/SingleCycleMIPSProcessor/single-cycle-mips-processor-group-1_02/cpre381-toolflow/proj/src/TopLevel/MIPS_Processor.vhd
    Info (12022): Found design unit 1: MIPS_Processor-structure File: /home/zrhirst/Documents/S22/SingleCycleMIPSProcessor/single-cycle-mips-processor-group-1_02/cpre381-toolflow/proj/src/TopLevel/MIPS_Processor.vhd Line: 35
    Info (12023): Found entity 1: MIPS_Processor File: /home/zrhirst/Documents/S22/SingleCycleMIPSProcessor/single-cycle-mips-processor-group-1_02/cpre381-toolflow/proj/src/TopLevel/MIPS_Processor.vhd Line: 23
Info (15248): File "/home/zrhirst/Documents/S22/SingleCycleMIPSProcessor/single-cycle-mips-processor-group-1_02/cpre381-toolflow/proj/src/TopLevel/MIPS_types.vhd" is a duplicate of already analyzed file "/home/zrhirst/Documents/S22/SingleCycleMIPSProcessor/single-cycle-mips-processor-group-1_02/cpre381-toolflow/proj/src/MIPS_types.vhd" (same filename, same library name and same md5 digest). Skipping analysis of this file.
Info (12021): Found 0 design units, including 0 entities, in source file /home/zrhirst/Documents/S22/SingleCycleMIPSProcessor/single-cycle-mips-processor-group-1_02/cpre381-toolflow/proj/src/TopLevel/MIPS_types.vhd
Info (12021): Found 2 design units, including 1 entities, in source file /home/zrhirst/Documents/S22/SingleCycleMIPSProcessor/single-cycle-mips-processor-group-1_02/cpre381-toolflow/proj/src/TopLevel/adder.vhd
    Info (12022): Found design unit 1: adder-structural File: /home/zrhirst/Documents/S22/SingleCycleMIPSProcessor/single-cycle-mips-processor-group-1_02/cpre381-toolflow/proj/src/TopLevel/adder.vhd Line: 12
    Info (12023): Found entity 1: adder File: /home/zrhirst/Documents/S22/SingleCycleMIPSProcessor/single-cycle-mips-processor-group-1_02/cpre381-toolflow/proj/src/TopLevel/adder.vhd Line: 4
Info (12021): Found 2 design units, including 1 entities, in source file /home/zrhirst/Documents/S22/SingleCycleMIPSProcessor/single-cycle-mips-processor-group-1_02/cpre381-toolflow/proj/src/TopLevel/alu_mux.vhd
    Info (12022): Found design unit 1: alu_mux-struct File: /home/zrhirst/Documents/S22/SingleCycleMIPSProcessor/single-cycle-mips-processor-group-1_02/cpre381-toolflow/proj/src/TopLevel/alu_mux.vhd Line: 18
    Info (12023): Found entity 1: alu_mux File: /home/zrhirst/Documents/S22/SingleCycleMIPSProcessor/single-cycle-mips-processor-group-1_02/cpre381-toolflow/proj/src/TopLevel/alu_mux.vhd Line: 4
Info (12021): Found 2 design units, including 1 entities, in source file /home/zrhirst/Documents/S22/SingleCycleMIPSProcessor/single-cycle-mips-processor-group-1_02/cpre381-toolflow/proj/src/TopLevel/alu_mux_simple.vhd
    Info (12022): Found design unit 1: alu_mux_simple-struct File: /home/zrhirst/Documents/S22/SingleCycleMIPSProcessor/single-cycle-mips-processor-group-1_02/cpre381-toolflow/proj/src/TopLevel/alu_mux_simple.vhd Line: 18
    Info (12023): Found entity 1: alu_mux_simple File: /home/zrhirst/Documents/S22/SingleCycleMIPSProcessor/single-cycle-mips-processor-group-1_02/cpre381-toolflow/proj/src/TopLevel/alu_mux_simple.vhd Line: 4
Info (12021): Found 2 design units, including 1 entities, in source file /home/zrhirst/Documents/S22/SingleCycleMIPSProcessor/single-cycle-mips-processor-group-1_02/cpre381-toolflow/proj/src/TopLevel/andg2.vhd
    Info (12022): Found design unit 1: andg2-dataflow File: /home/zrhirst/Documents/S22/SingleCycleMIPSProcessor/single-cycle-mips-processor-group-1_02/cpre381-toolflow/proj/src/TopLevel/andg2.vhd Line: 31
    Info (12023): Found entity 1: andg2 File: /home/zrhirst/Documents/S22/SingleCycleMIPSProcessor/single-cycle-mips-processor-group-1_02/cpre381-toolflow/proj/src/TopLevel/andg2.vhd Line: 23
Info (12021): Found 2 design units, including 1 entities, in source file /home/zrhirst/Documents/S22/SingleCycleMIPSProcessor/single-cycle-mips-processor-group-1_02/cpre381-toolflow/proj/src/TopLevel/andg_N.vhd
    Info (12022): Found design unit 1: andg_N-structural File: /home/zrhirst/Documents/S22/SingleCycleMIPSProcessor/single-cycle-mips-processor-group-1_02/cpre381-toolflow/proj/src/TopLevel/andg_N.vhd Line: 11
    Info (12023): Found entity 1: andg_N File: /home/zrhirst/Documents/S22/SingleCycleMIPSProcessor/single-cycle-mips-processor-group-1_02/cpre381-toolflow/proj/src/TopLevel/andg_N.vhd Line: 4
Info (12021): Found 1 design units, including 0 entities, in source file /home/zrhirst/Documents/S22/SingleCycleMIPSProcessor/single-cycle-mips-processor-group-1_02/cpre381-toolflow/proj/src/TopLevel/arraytype.vhd
    Info (12022): Found design unit 1: arraytype File: /home/zrhirst/Documents/S22/SingleCycleMIPSProcessor/single-cycle-mips-processor-group-1_02/cpre381-toolflow/proj/src/TopLevel/arraytype.vhd Line: 4
Info (12021): Found 2 design units, including 1 entities, in source file /home/zrhirst/Documents/S22/SingleCycleMIPSProcessor/single-cycle-mips-processor-group-1_02/cpre381-toolflow/proj/src/TopLevel/barrelShifter.vhd
    Info (12022): Found design unit 1: barrelShifter-structural File: /home/zrhirst/Documents/S22/SingleCycleMIPSProcessor/single-cycle-mips-processor-group-1_02/cpre381-toolflow/proj/src/TopLevel/barrelShifter.vhd Line: 12
    Info (12023): Found entity 1: barrelShifter File: /home/zrhirst/Documents/S22/SingleCycleMIPSProcessor/single-cycle-mips-processor-group-1_02/cpre381-toolflow/proj/src/TopLevel/barrelShifter.vhd Line: 4
Info (12021): Found 2 design units, including 1 entities, in source file /home/zrhirst/Documents/S22/SingleCycleMIPSProcessor/single-cycle-mips-processor-group-1_02/cpre381-toolflow/proj/src/TopLevel/bitReverser.vhd
    Info (12022): Found design unit 1: bitReverser-structural File: /home/zrhirst/Documents/S22/SingleCycleMIPSProcessor/single-cycle-mips-processor-group-1_02/cpre381-toolflow/proj/src/TopLevel/bitReverser.vhd Line: 11
    Info (12023): Found entity 1: bitReverser File: /home/zrhirst/Documents/S22/SingleCycleMIPSProcessor/single-cycle-mips-processor-group-1_02/cpre381-toolflow/proj/src/TopLevel/bitReverser.vhd Line: 4
Info (12021): Found 2 design units, including 1 entities, in source file /home/zrhirst/Documents/S22/SingleCycleMIPSProcessor/single-cycle-mips-processor-group-1_02/cpre381-toolflow/proj/src/TopLevel/controllogic.vhd
    Info (12022): Found design unit 1: controllogic-casestatement File: /home/zrhirst/Documents/S22/SingleCycleMIPSProcessor/single-cycle-mips-processor-group-1_02/cpre381-toolflow/proj/src/TopLevel/controllogic.vhd Line: 24
    Info (12023): Found entity 1: controllogic File: /home/zrhirst/Documents/S22/SingleCycleMIPSProcessor/single-cycle-mips-processor-group-1_02/cpre381-toolflow/proj/src/TopLevel/controllogic.vhd Line: 4
Info (12021): Found 2 design units, including 1 entities, in source file /home/zrhirst/Documents/S22/SingleCycleMIPSProcessor/single-cycle-mips-processor-group-1_02/cpre381-toolflow/proj/src/TopLevel/decoder5-32.vhd
    Info (12022): Found design unit 1: decoder5to32-behavioral File: /home/zrhirst/Documents/S22/SingleCycleMIPSProcessor/single-cycle-mips-processor-group-1_02/cpre381-toolflow/proj/src/TopLevel/decoder5-32.vhd Line: 13
    Info (12023): Found entity 1: decoder5to32 File: /home/zrhirst/Documents/S22/SingleCycleMIPSProcessor/single-cycle-mips-processor-group-1_02/cpre381-toolflow/proj/src/TopLevel/decoder5-32.vhd Line: 4
Info (12021): Found 2 design units, including 1 entities, in source file /home/zrhirst/Documents/S22/SingleCycleMIPSProcessor/single-cycle-mips-processor-group-1_02/cpre381-toolflow/proj/src/TopLevel/dffg.vhd
    Info (12022): Found design unit 1: dffg-mixed File: /home/zrhirst/Documents/S22/SingleCycleMIPSProcessor/single-cycle-mips-processor-group-1_02/cpre381-toolflow/proj/src/TopLevel/dffg.vhd Line: 33
    Info (12023): Found entity 1: dffg File: /home/zrhirst/Documents/S22/SingleCycleMIPSProcessor/single-cycle-mips-processor-group-1_02/cpre381-toolflow/proj/src/TopLevel/dffg.vhd Line: 23
Info (12021): Found 2 design units, including 1 entities, in source file /home/zrhirst/Documents/S22/SingleCycleMIPSProcessor/single-cycle-mips-processor-group-1_02/cpre381-toolflow/proj/src/TopLevel/extender.vhd
    Info (12022): Found design unit 1: extender-data File: /home/zrhirst/Documents/S22/SingleCycleMIPSProcessor/single-cycle-mips-processor-group-1_02/cpre381-toolflow/proj/src/TopLevel/extender.vhd Line: 11
    Info (12023): Found entity 1: extender File: /home/zrhirst/Documents/S22/SingleCycleMIPSProcessor/single-cycle-mips-processor-group-1_02/cpre381-toolflow/proj/src/TopLevel/extender.vhd Line: 4
Info (12021): Found 2 design units, including 1 entities, in source file /home/zrhirst/Documents/S22/SingleCycleMIPSProcessor/single-cycle-mips-processor-group-1_02/cpre381-toolflow/proj/src/TopLevel/invg.vhd
    Info (12022): Found design unit 1: invg-dataflow File: /home/zrhirst/Documents/S22/SingleCycleMIPSProcessor/single-cycle-mips-processor-group-1_02/cpre381-toolflow/proj/src/TopLevel/invg.vhd Line: 30
    Info (12023): Found entity 1: invg File: /home/zrhirst/Documents/S22/SingleCycleMIPSProcessor/single-cycle-mips-processor-group-1_02/cpre381-toolflow/proj/src/TopLevel/invg.vhd Line: 23
Info (12021): Found 2 design units, including 1 entities, in source file /home/zrhirst/Documents/S22/SingleCycleMIPSProcessor/single-cycle-mips-processor-group-1_02/cpre381-toolflow/proj/src/TopLevel/mem.vhd
    Info (12022): Found design unit 1: mem-rtl File: /home/zrhirst/Documents/S22/SingleCycleMIPSProcessor/single-cycle-mips-processor-group-1_02/cpre381-toolflow/proj/src/TopLevel/mem.vhd Line: 27
    Info (12023): Found entity 1: mem File: /home/zrhirst/Documents/S22/SingleCycleMIPSProcessor/single-cycle-mips-processor-group-1_02/cpre381-toolflow/proj/src/TopLevel/mem.vhd Line: 8
Info (12021): Found 2 design units, including 1 entities, in source file /home/zrhirst/Documents/S22/SingleCycleMIPSProcessor/single-cycle-mips-processor-group-1_02/cpre381-toolflow/proj/src/TopLevel/mux2t1.vhd
    Info (12022): Found design unit 1: mux2t1-structural File: /home/zrhirst/Documents/S22/SingleCycleMIPSProcessor/single-cycle-mips-processor-group-1_02/cpre381-toolflow/proj/src/TopLevel/mux2t1.vhd Line: 12
    Info (12023): Found entity 1: mux2t1 File: /home/zrhirst/Documents/S22/SingleCycleMIPSProcessor/single-cycle-mips-processor-group-1_02/cpre381-toolflow/proj/src/TopLevel/mux2t1.vhd Line: 4
Info (12021): Found 2 design units, including 1 entities, in source file /home/zrhirst/Documents/S22/SingleCycleMIPSProcessor/single-cycle-mips-processor-group-1_02/cpre381-toolflow/proj/src/TopLevel/mux2t1_N.vhd
    Info (12022): Found design unit 1: mux2t1_N-structural File: /home/zrhirst/Documents/S22/SingleCycleMIPSProcessor/single-cycle-mips-processor-group-1_02/cpre381-toolflow/proj/src/TopLevel/mux2t1_N.vhd Line: 30
    Info (12023): Found entity 1: mux2t1_N File: /home/zrhirst/Documents/S22/SingleCycleMIPSProcessor/single-cycle-mips-processor-group-1_02/cpre381-toolflow/proj/src/TopLevel/mux2t1_N.vhd Line: 21
Info (12021): Found 2 design units, including 1 entities, in source file /home/zrhirst/Documents/S22/SingleCycleMIPSProcessor/single-cycle-mips-processor-group-1_02/cpre381-toolflow/proj/src/TopLevel/mux32to1.vhd
    Info (12022): Found design unit 1: mux32to1-behavioral File: /home/zrhirst/Documents/S22/SingleCycleMIPSProcessor/single-cycle-mips-processor-group-1_02/cpre381-toolflow/proj/src/TopLevel/mux32to1.vhd Line: 43
    Info (12023): Found entity 1: mux32to1 File: /home/zrhirst/Documents/S22/SingleCycleMIPSProcessor/single-cycle-mips-processor-group-1_02/cpre381-toolflow/proj/src/TopLevel/mux32to1.vhd Line: 4
Info (12021): Found 2 design units, including 1 entities, in source file /home/zrhirst/Documents/S22/SingleCycleMIPSProcessor/single-cycle-mips-processor-group-1_02/cpre381-toolflow/proj/src/TopLevel/org2.vhd
    Info (12022): Found design unit 1: org2-dataflow File: /home/zrhirst/Documents/S22/SingleCycleMIPSProcessor/single-cycle-mips-processor-group-1_02/cpre381-toolflow/proj/src/TopLevel/org2.vhd Line: 31
    Info (12023): Found entity 1: org2 File: /home/zrhirst/Documents/S22/SingleCycleMIPSProcessor/single-cycle-mips-processor-group-1_02/cpre381-toolflow/proj/src/TopLevel/org2.vhd Line: 23
Info (12021): Found 2 design units, including 1 entities, in source file /home/zrhirst/Documents/S22/SingleCycleMIPSProcessor/single-cycle-mips-processor-group-1_02/cpre381-toolflow/proj/src/TopLevel/org_N.vhd
    Info (12022): Found design unit 1: org_N-structural File: /home/zrhirst/Documents/S22/SingleCycleMIPSProcessor/single-cycle-mips-processor-group-1_02/cpre381-toolflow/proj/src/TopLevel/org_N.vhd Line: 11
    Info (12023): Found entity 1: org_N File: /home/zrhirst/Documents/S22/SingleCycleMIPSProcessor/single-cycle-mips-processor-group-1_02/cpre381-toolflow/proj/src/TopLevel/org_N.vhd Line: 4
Info (12021): Found 2 design units, including 1 entities, in source file /home/zrhirst/Documents/S22/SingleCycleMIPSProcessor/single-cycle-mips-processor-group-1_02/cpre381-toolflow/proj/src/TopLevel/programcounter.vhd
    Info (12022): Found design unit 1: programcounter-structural File: /home/zrhirst/Documents/S22/SingleCycleMIPSProcessor/single-cycle-mips-processor-group-1_02/cpre381-toolflow/proj/src/TopLevel/programcounter.vhd Line: 11
    Info (12023): Found entity 1: programcounter File: /home/zrhirst/Documents/S22/SingleCycleMIPSProcessor/single-cycle-mips-processor-group-1_02/cpre381-toolflow/proj/src/TopLevel/programcounter.vhd Line: 4
Info (12021): Found 2 design units, including 1 entities, in source file /home/zrhirst/Documents/S22/SingleCycleMIPSProcessor/single-cycle-mips-processor-group-1_02/cpre381-toolflow/proj/src/TopLevel/register.vhd
    Info (12022): Found design unit 1: register1-structural File: /home/zrhirst/Documents/S22/SingleCycleMIPSProcessor/single-cycle-mips-processor-group-1_02/cpre381-toolflow/proj/src/TopLevel/register.vhd Line: 14
    Info (12023): Found entity 1: register1 File: /home/zrhirst/Documents/S22/SingleCycleMIPSProcessor/single-cycle-mips-processor-group-1_02/cpre381-toolflow/proj/src/TopLevel/register.vhd Line: 4
Info (12021): Found 2 design units, including 1 entities, in source file /home/zrhirst/Documents/S22/SingleCycleMIPSProcessor/single-cycle-mips-processor-group-1_02/cpre381-toolflow/proj/src/TopLevel/registerfile.vhd
    Info (12022): Found design unit 1: registerfile-structural File: /home/zrhirst/Documents/S22/SingleCycleMIPSProcessor/single-cycle-mips-processor-group-1_02/cpre381-toolflow/proj/src/TopLevel/registerfile.vhd Line: 19
    Info (12023): Found entity 1: registerfile File: /home/zrhirst/Documents/S22/SingleCycleMIPSProcessor/single-cycle-mips-processor-group-1_02/cpre381-toolflow/proj/src/TopLevel/registerfile.vhd Line: 5
Info (12021): Found 2 design units, including 1 entities, in source file /home/zrhirst/Documents/S22/SingleCycleMIPSProcessor/single-cycle-mips-processor-group-1_02/cpre381-toolflow/proj/src/TopLevel/slt.vhd
    Info (12022): Found design unit 1: slt_N-structural File: /home/zrhirst/Documents/S22/SingleCycleMIPSProcessor/single-cycle-mips-processor-group-1_02/cpre381-toolflow/proj/src/TopLevel/slt.vhd Line: 11
    Info (12023): Found entity 1: slt_N File: /home/zrhirst/Documents/S22/SingleCycleMIPSProcessor/single-cycle-mips-processor-group-1_02/cpre381-toolflow/proj/src/TopLevel/slt.vhd Line: 4
Info (12021): Found 2 design units, including 1 entities, in source file /home/zrhirst/Documents/S22/SingleCycleMIPSProcessor/single-cycle-mips-processor-group-1_02/cpre381-toolflow/proj/src/TopLevel/xorg2.vhd
    Info (12022): Found design unit 1: xorg2-dataflow File: /home/zrhirst/Documents/S22/SingleCycleMIPSProcessor/single-cycle-mips-processor-group-1_02/cpre381-toolflow/proj/src/TopLevel/xorg2.vhd Line: 31
    Info (12023): Found entity 1: xorg2 File: /home/zrhirst/Documents/S22/SingleCycleMIPSProcessor/single-cycle-mips-processor-group-1_02/cpre381-toolflow/proj/src/TopLevel/xorg2.vhd Line: 23
Info (12021): Found 2 design units, including 1 entities, in source file /home/zrhirst/Documents/S22/SingleCycleMIPSProcessor/single-cycle-mips-processor-group-1_02/cpre381-toolflow/proj/src/TopLevel/xorg_N.vhd
    Info (12022): Found design unit 1: xorg_N-structural File: /home/zrhirst/Documents/S22/SingleCycleMIPSProcessor/single-cycle-mips-processor-group-1_02/cpre381-toolflow/proj/src/TopLevel/xorg_N.vhd Line: 11
    Info (12023): Found entity 1: xorg_N File: /home/zrhirst/Documents/S22/SingleCycleMIPSProcessor/single-cycle-mips-processor-group-1_02/cpre381-toolflow/proj/src/TopLevel/xorg_N.vhd Line: 4
Info (12127): Elaborating entity "MIPS_Processor" for the top level hierarchy
Warning (10036): Verilog HDL or VHDL warning at MIPS_Processor.vhd(46): object "s_RegWrData" assigned a value but never read File: /home/zrhirst/Documents/S22/SingleCycleMIPSProcessor/single-cycle-mips-processor-group-1_02/cpre381-toolflow/proj/src/TopLevel/MIPS_Processor.vhd Line: 46
Warning (10036): Verilog HDL or VHDL warning at MIPS_Processor.vhd(54): object "s_Halt" assigned a value but never read File: /home/zrhirst/Documents/S22/SingleCycleMIPSProcessor/single-cycle-mips-processor-group-1_02/cpre381-toolflow/proj/src/TopLevel/MIPS_Processor.vhd Line: 54
Warning (10036): Verilog HDL or VHDL warning at MIPS_Processor.vhd(57): object "s_Ovfl" assigned a value but never read File: /home/zrhirst/Documents/S22/SingleCycleMIPSProcessor/single-cycle-mips-processor-group-1_02/cpre381-toolflow/proj/src/TopLevel/MIPS_Processor.vhd Line: 57
Warning (10036): Verilog HDL or VHDL warning at MIPS_Processor.vhd(170): object "s_alu_carryout" assigned a value but never read File: /home/zrhirst/Documents/S22/SingleCycleMIPSProcessor/single-cycle-mips-processor-group-1_02/cpre381-toolflow/proj/src/TopLevel/MIPS_Processor.vhd Line: 170
Info (12128): Elaborating entity "mem" for hierarchy "mem:IMem" File: /home/zrhirst/Documents/S22/SingleCycleMIPSProcessor/single-cycle-mips-processor-group-1_02/cpre381-toolflow/proj/src/TopLevel/MIPS_Processor.vhd Line: 207
Info (12128): Elaborating entity "registerfile" for hierarchy "registerfile:regfilemap" File: /home/zrhirst/Documents/S22/SingleCycleMIPSProcessor/single-cycle-mips-processor-group-1_02/cpre381-toolflow/proj/src/TopLevel/MIPS_Processor.vhd Line: 225
Info (12128): Elaborating entity "decoder5to32" for hierarchy "registerfile:regfilemap|decoder5to32:decoder" File: /home/zrhirst/Documents/S22/SingleCycleMIPSProcessor/single-cycle-mips-processor-group-1_02/cpre381-toolflow/proj/src/TopLevel/registerfile.vhd Line: 80
Info (12128): Elaborating entity "andg2" for hierarchy "registerfile:regfilemap|decoder5to32:decoder|andg2:\andg:0:andi" File: /home/zrhirst/Documents/S22/SingleCycleMIPSProcessor/single-cycle-mips-processor-group-1_02/cpre381-toolflow/proj/src/TopLevel/decoder5-32.vhd Line: 28
Info (12128): Elaborating entity "register1" for hierarchy "registerfile:regfilemap|register1:register0" File: /home/zrhirst/Documents/S22/SingleCycleMIPSProcessor/single-cycle-mips-processor-group-1_02/cpre381-toolflow/proj/src/TopLevel/registerfile.vhd Line: 85
Info (12128): Elaborating entity "dffg" for hierarchy "registerfile:regfilemap|register1:register0|dffg:\reg:0:regi" File: /home/zrhirst/Documents/S22/SingleCycleMIPSProcessor/single-cycle-mips-processor-group-1_02/cpre381-toolflow/proj/src/TopLevel/register.vhd Line: 27
Info (12128): Elaborating entity "mux32to1" for hierarchy "registerfile:regfilemap|mux32to1:mux1" File: /home/zrhirst/Documents/S22/SingleCycleMIPSProcessor/single-cycle-mips-processor-group-1_02/cpre381-toolflow/proj/src/TopLevel/registerfile.vhd Line: 101
Info (12128): Elaborating entity "mux2t1_N" for hierarchy "mux2t1_N:registermux" File: /home/zrhirst/Documents/S22/SingleCycleMIPSProcessor/single-cycle-mips-processor-group-1_02/cpre381-toolflow/proj/src/TopLevel/MIPS_Processor.vhd Line: 238
Info (12128): Elaborating entity "mux2t1" for hierarchy "mux2t1_N:registermux|mux2t1:\G_NBit_MUX:0:MUXI" File: /home/zrhirst/Documents/S22/SingleCycleMIPSProcessor/single-cycle-mips-processor-group-1_02/cpre381-toolflow/proj/src/TopLevel/mux2t1_N.vhd Line: 43
Info (12128): Elaborating entity "invg" for hierarchy "mux2t1_N:registermux|mux2t1:\G_NBit_MUX:0:MUXI|invg:G1" File: /home/zrhirst/Documents/S22/SingleCycleMIPSProcessor/single-cycle-mips-processor-group-1_02/cpre381-toolflow/proj/src/TopLevel/mux2t1.vhd Line: 27
Info (12128): Elaborating entity "org2" for hierarchy "mux2t1_N:registermux|mux2t1:\G_NBit_MUX:0:MUXI|org2:G4" File: /home/zrhirst/Documents/S22/SingleCycleMIPSProcessor/single-cycle-mips-processor-group-1_02/cpre381-toolflow/proj/src/TopLevel/mux2t1.vhd Line: 30
Info (12128): Elaborating entity "mux2t1_N" for hierarchy "mux2t1_N:forwardsmux" File: /home/zrhirst/Documents/S22/SingleCycleMIPSProcessor/single-cycle-mips-processor-group-1_02/cpre381-toolflow/proj/src/TopLevel/MIPS_Processor.vhd Line: 256
Info (12128): Elaborating entity "extender" for hierarchy "extender:immediateextender" File: /home/zrhirst/Documents/S22/SingleCycleMIPSProcessor/single-cycle-mips-processor-group-1_02/cpre381-toolflow/proj/src/TopLevel/MIPS_Processor.vhd Line: 280
Info (12128): Elaborating entity "ALU" for hierarchy "ALU:arithmeticlogicalunit" File: /home/zrhirst/Documents/S22/SingleCycleMIPSProcessor/single-cycle-mips-processor-group-1_02/cpre381-toolflow/proj/src/TopLevel/MIPS_Processor.vhd Line: 287
Info (12128): Elaborating entity "AdderSub" for hierarchy "ALU:arithmeticlogicalunit|AdderSub:AddSub" File: /home/zrhirst/Documents/S22/SingleCycleMIPSProcessor/single-cycle-mips-processor-group-1_02/cpre381-toolflow/proj/src/TopLevel/ALU.vhd Line: 101
Info (12128): Elaborating entity "onescomp" for hierarchy "ALU:arithmeticlogicalunit|AdderSub:AddSub|onescomp:invert" File: /home/zrhirst/Documents/S22/SingleCycleMIPSProcessor/single-cycle-mips-processor-group-1_02/cpre381-toolflow/proj/src/TopLevel/AdderSub.vhd Line: 44
Info (12128): Elaborating entity "mux2t1_N" for hierarchy "ALU:arithmeticlogicalunit|AdderSub:AddSub|mux2t1_N:mux" File: /home/zrhirst/Documents/S22/SingleCycleMIPSProcessor/single-cycle-mips-processor-group-1_02/cpre381-toolflow/proj/src/TopLevel/AdderSub.vhd Line: 49
Info (12128): Elaborating entity "full_adder_N" for hierarchy "ALU:arithmeticlogicalunit|AdderSub:AddSub|full_adder_N:add" File: /home/zrhirst/Documents/S22/SingleCycleMIPSProcessor/single-cycle-mips-processor-group-1_02/cpre381-toolflow/proj/src/TopLevel/AdderSub.vhd Line: 55
Info (12128): Elaborating entity "adder" for hierarchy "ALU:arithmeticlogicalunit|AdderSub:AddSub|full_adder_N:add|adder:\G_NBit_ADDER:0:adderI" File: /home/zrhirst/Documents/S22/SingleCycleMIPSProcessor/single-cycle-mips-processor-group-1_02/cpre381-toolflow/proj/src/TopLevel/Adder_N.vhd Line: 26
Info (12128): Elaborating entity "xorg2" for hierarchy "ALU:arithmeticlogicalunit|AdderSub:AddSub|full_adder_N:add|adder:\G_NBit_ADDER:0:adderI|xorg2:G4" File: /home/zrhirst/Documents/S22/SingleCycleMIPSProcessor/single-cycle-mips-processor-group-1_02/cpre381-toolflow/proj/src/TopLevel/adder.vhd Line: 46
Info (12128): Elaborating entity "andg_N" for hierarchy "ALU:arithmeticlogicalunit|andg_N:ander" File: /home/zrhirst/Documents/S22/SingleCycleMIPSProcessor/single-cycle-mips-processor-group-1_02/cpre381-toolflow/proj/src/TopLevel/ALU.vhd Line: 111
Info (12128): Elaborating entity "org_N" for hierarchy "ALU:arithmeticlogicalunit|org_N:orer" File: /home/zrhirst/Documents/S22/SingleCycleMIPSProcessor/single-cycle-mips-processor-group-1_02/cpre381-toolflow/proj/src/TopLevel/ALU.vhd Line: 118
Info (12128): Elaborating entity "xorg_N" for hierarchy "ALU:arithmeticlogicalunit|xorg_N:xorer" File: /home/zrhirst/Documents/S22/SingleCycleMIPSProcessor/single-cycle-mips-processor-group-1_02/cpre381-toolflow/proj/src/TopLevel/ALU.vhd Line: 125
Info (12128): Elaborating entity "barrelShifter" for hierarchy "ALU:arithmeticlogicalunit|barrelShifter:bshifter" File: /home/zrhirst/Documents/S22/SingleCycleMIPSProcessor/single-cycle-mips-processor-group-1_02/cpre381-toolflow/proj/src/TopLevel/ALU.vhd Line: 132
Info (12128): Elaborating entity "bitReverser" for hierarchy "ALU:arithmeticlogicalunit|barrelShifter:bshifter|bitReverser:G_BitRev1" File: /home/zrhirst/Documents/S22/SingleCycleMIPSProcessor/single-cycle-mips-processor-group-1_02/cpre381-toolflow/proj/src/TopLevel/barrelShifter.vhd Line: 59
Info (12128): Elaborating entity "slt_N" for hierarchy "ALU:arithmeticlogicalunit|slt_N:setlessthan" File: /home/zrhirst/Documents/S22/SingleCycleMIPSProcessor/single-cycle-mips-processor-group-1_02/cpre381-toolflow/proj/src/TopLevel/ALU.vhd Line: 141
Warning (10036): Verilog HDL or VHDL warning at slt.vhd(20): object "sub_cout" assigned a value but never read File: /home/zrhirst/Documents/S22/SingleCycleMIPSProcessor/single-cycle-mips-processor-group-1_02/cpre381-toolflow/proj/src/TopLevel/slt.vhd Line: 20
Info (12128): Elaborating entity "alu_mux" for hierarchy "ALU:arithmeticlogicalunit|alu_mux:multiplexor" File: /home/zrhirst/Documents/S22/SingleCycleMIPSProcessor/single-cycle-mips-processor-group-1_02/cpre381-toolflow/proj/src/TopLevel/ALU.vhd Line: 148
Info (12128): Elaborating entity "alu_mux_simple" for hierarchy "ALU:arithmeticlogicalunit|alu_mux_simple:overflowmux" File: /home/zrhirst/Documents/S22/SingleCycleMIPSProcessor/single-cycle-mips-processor-group-1_02/cpre381-toolflow/proj/src/TopLevel/ALU.vhd Line: 162
Info (12128): Elaborating entity "programcounter" for hierarchy "programcounter:pc" File: /home/zrhirst/Documents/S22/SingleCycleMIPSProcessor/single-cycle-mips-processor-group-1_02/cpre381-toolflow/proj/src/TopLevel/MIPS_Processor.vhd Line: 299
Info (12128): Elaborating entity "controllogic" for hierarchy "controllogic:control" File: /home/zrhirst/Documents/S22/SingleCycleMIPSProcessor/single-cycle-mips-processor-group-1_02/cpre381-toolflow/proj/src/TopLevel/MIPS_Processor.vhd Line: 372
Warning (10631): VHDL Process Statement warning at controllogic.vhd(28): inferring latch(es) for signal or variable "ALUsrc", which holds its previous value in one or more paths through the process File: /home/zrhirst/Documents/S22/SingleCycleMIPSProcessor/single-cycle-mips-processor-group-1_02/cpre381-toolflow/proj/src/TopLevel/controllogic.vhd Line: 28
Warning (10631): VHDL Process Statement warning at controllogic.vhd(28): inferring latch(es) for signal or variable "ALUcontrol", which holds its previous value in one or more paths through the process File: /home/zrhirst/Documents/S22/SingleCycleMIPSProcessor/single-cycle-mips-processor-group-1_02/cpre381-toolflow/proj/src/TopLevel/controllogic.vhd Line: 28
Warning (10631): VHDL Process Statement warning at controllogic.vhd(28): inferring latch(es) for signal or variable "MemtoReg", which holds its previous value in one or more paths through the process File: /home/zrhirst/Documents/S22/SingleCycleMIPSProcessor/single-cycle-mips-processor-group-1_02/cpre381-toolflow/proj/src/TopLevel/controllogic.vhd Line: 28
Warning (10631): VHDL Process Statement warning at controllogic.vhd(28): inferring latch(es) for signal or variable "Branch", which holds its previous value in one or more paths through the process File: /home/zrhirst/Documents/S22/SingleCycleMIPSProcessor/single-cycle-mips-processor-group-1_02/cpre381-toolflow/proj/src/TopLevel/controllogic.vhd Line: 28
Warning (10631): VHDL Process Statement warning at controllogic.vhd(28): inferring latch(es) for signal or variable "Jump", which holds its previous value in one or more paths through the process File: /home/zrhirst/Documents/S22/SingleCycleMIPSProcessor/single-cycle-mips-processor-group-1_02/cpre381-toolflow/proj/src/TopLevel/controllogic.vhd Line: 28
Warning (10631): VHDL Process Statement warning at controllogic.vhd(28): inferring latch(es) for signal or variable "MemWrite", which holds its previous value in one or more paths through the process File: /home/zrhirst/Documents/S22/SingleCycleMIPSProcessor/single-cycle-mips-processor-group-1_02/cpre381-toolflow/proj/src/TopLevel/controllogic.vhd Line: 28
Warning (10631): VHDL Process Statement warning at controllogic.vhd(28): inferring latch(es) for signal or variable "RegWrite", which holds its previous value in one or more paths through the process File: /home/zrhirst/Documents/S22/SingleCycleMIPSProcessor/single-cycle-mips-processor-group-1_02/cpre381-toolflow/proj/src/TopLevel/controllogic.vhd Line: 28
Warning (10631): VHDL Process Statement warning at controllogic.vhd(28): inferring latch(es) for signal or variable "RegDst", which holds its previous value in one or more paths through the process File: /home/zrhirst/Documents/S22/SingleCycleMIPSProcessor/single-cycle-mips-processor-group-1_02/cpre381-toolflow/proj/src/TopLevel/controllogic.vhd Line: 28
Warning (10631): VHDL Process Statement warning at controllogic.vhd(28): inferring latch(es) for signal or variable "extendersel", which holds its previous value in one or more paths through the process File: /home/zrhirst/Documents/S22/SingleCycleMIPSProcessor/single-cycle-mips-processor-group-1_02/cpre381-toolflow/proj/src/TopLevel/controllogic.vhd Line: 28
Warning (10631): VHDL Process Statement warning at controllogic.vhd(28): inferring latch(es) for signal or variable "datasel", which holds its previous value in one or more paths through the process File: /home/zrhirst/Documents/S22/SingleCycleMIPSProcessor/single-cycle-mips-processor-group-1_02/cpre381-toolflow/proj/src/TopLevel/controllogic.vhd Line: 28
Warning (10631): VHDL Process Statement warning at controllogic.vhd(28): inferring latch(es) for signal or variable "jaldst", which holds its previous value in one or more paths through the process File: /home/zrhirst/Documents/S22/SingleCycleMIPSProcessor/single-cycle-mips-processor-group-1_02/cpre381-toolflow/proj/src/TopLevel/controllogic.vhd Line: 28
Warning (10631): VHDL Process Statement warning at controllogic.vhd(28): inferring latch(es) for signal or variable "jaldata", which holds its previous value in one or more paths through the process File: /home/zrhirst/Documents/S22/SingleCycleMIPSProcessor/single-cycle-mips-processor-group-1_02/cpre381-toolflow/proj/src/TopLevel/controllogic.vhd Line: 28
Warning (10631): VHDL Process Statement warning at controllogic.vhd(28): inferring latch(es) for signal or variable "jr", which holds its previous value in one or more paths through the process File: /home/zrhirst/Documents/S22/SingleCycleMIPSProcessor/single-cycle-mips-processor-group-1_02/cpre381-toolflow/proj/src/TopLevel/controllogic.vhd Line: 28
Warning (10631): VHDL Process Statement warning at controllogic.vhd(28): inferring latch(es) for signal or variable "halt", which holds its previous value in one or more paths through the process File: /home/zrhirst/Documents/S22/SingleCycleMIPSProcessor/single-cycle-mips-processor-group-1_02/cpre381-toolflow/proj/src/TopLevel/controllogic.vhd Line: 28
Warning (10631): VHDL Process Statement warning at controllogic.vhd(28): inferring latch(es) for signal or variable "btype", which holds its previous value in one or more paths through the process File: /home/zrhirst/Documents/S22/SingleCycleMIPSProcessor/single-cycle-mips-processor-group-1_02/cpre381-toolflow/proj/src/TopLevel/controllogic.vhd Line: 28
Info (10041): Inferred latch for "btype" at controllogic.vhd(28) File: /home/zrhirst/Documents/S22/SingleCycleMIPSProcessor/single-cycle-mips-processor-group-1_02/cpre381-toolflow/proj/src/TopLevel/controllogic.vhd Line: 28
Info (10041): Inferred latch for "halt" at controllogic.vhd(28) File: /home/zrhirst/Documents/S22/SingleCycleMIPSProcessor/single-cycle-mips-processor-group-1_02/cpre381-toolflow/proj/src/TopLevel/controllogic.vhd Line: 28
Info (10041): Inferred latch for "jr" at controllogic.vhd(28) File: /home/zrhirst/Documents/S22/SingleCycleMIPSProcessor/single-cycle-mips-processor-group-1_02/cpre381-toolflow/proj/src/TopLevel/controllogic.vhd Line: 28
Info (10041): Inferred latch for "jaldata" at controllogic.vhd(28) File: /home/zrhirst/Documents/S22/SingleCycleMIPSProcessor/single-cycle-mips-processor-group-1_02/cpre381-toolflow/proj/src/TopLevel/controllogic.vhd Line: 28
Info (10041): Inferred latch for "jaldst" at controllogic.vhd(28) File: /home/zrhirst/Documents/S22/SingleCycleMIPSProcessor/single-cycle-mips-processor-group-1_02/cpre381-toolflow/proj/src/TopLevel/controllogic.vhd Line: 28
Info (10041): Inferred latch for "datasel" at controllogic.vhd(28) File: /home/zrhirst/Documents/S22/SingleCycleMIPSProcessor/single-cycle-mips-processor-group-1_02/cpre381-toolflow/proj/src/TopLevel/controllogic.vhd Line: 28
Info (10041): Inferred latch for "extendersel" at controllogic.vhd(28) File: /home/zrhirst/Documents/S22/SingleCycleMIPSProcessor/single-cycle-mips-processor-group-1_02/cpre381-toolflow/proj/src/TopLevel/controllogic.vhd Line: 28
Info (10041): Inferred latch for "RegDst" at controllogic.vhd(28) File: /home/zrhirst/Documents/S22/SingleCycleMIPSProcessor/single-cycle-mips-processor-group-1_02/cpre381-toolflow/proj/src/TopLevel/controllogic.vhd Line: 28
Info (10041): Inferred latch for "RegWrite" at controllogic.vhd(28) File: /home/zrhirst/Documents/S22/SingleCycleMIPSProcessor/single-cycle-mips-processor-group-1_02/cpre381-toolflow/proj/src/TopLevel/controllogic.vhd Line: 28
Info (10041): Inferred latch for "MemWrite" at controllogic.vhd(28) File: /home/zrhirst/Documents/S22/SingleCycleMIPSProcessor/single-cycle-mips-processor-group-1_02/cpre381-toolflow/proj/src/TopLevel/controllogic.vhd Line: 28
Info (10041): Inferred latch for "Jump" at controllogic.vhd(28) File: /home/zrhirst/Documents/S22/SingleCycleMIPSProcessor/single-cycle-mips-processor-group-1_02/cpre381-toolflow/proj/src/TopLevel/controllogic.vhd Line: 28
Info (10041): Inferred latch for "Branch" at controllogic.vhd(28) File: /home/zrhirst/Documents/S22/SingleCycleMIPSProcessor/single-cycle-mips-processor-group-1_02/cpre381-toolflow/proj/src/TopLevel/controllogic.vhd Line: 28
Info (10041): Inferred latch for "MemtoReg" at controllogic.vhd(28) File: /home/zrhirst/Documents/S22/SingleCycleMIPSProcessor/single-cycle-mips-processor-group-1_02/cpre381-toolflow/proj/src/TopLevel/controllogic.vhd Line: 28
Info (10041): Inferred latch for "ALUcontrol[0]" at controllogic.vhd(28) File: /home/zrhirst/Documents/S22/SingleCycleMIPSProcessor/single-cycle-mips-processor-group-1_02/cpre381-toolflow/proj/src/TopLevel/controllogic.vhd Line: 28
Info (10041): Inferred latch for "ALUcontrol[1]" at controllogic.vhd(28) File: /home/zrhirst/Documents/S22/SingleCycleMIPSProcessor/single-cycle-mips-processor-group-1_02/cpre381-toolflow/proj/src/TopLevel/controllogic.vhd Line: 28
Info (10041): Inferred latch for "ALUcontrol[2]" at controllogic.vhd(28) File: /home/zrhirst/Documents/S22/SingleCycleMIPSProcessor/single-cycle-mips-processor-group-1_02/cpre381-toolflow/proj/src/TopLevel/controllogic.vhd Line: 28
Info (10041): Inferred latch for "ALUcontrol[3]" at controllogic.vhd(28) File: /home/zrhirst/Documents/S22/SingleCycleMIPSProcessor/single-cycle-mips-processor-group-1_02/cpre381-toolflow/proj/src/TopLevel/controllogic.vhd Line: 28
Info (10041): Inferred latch for "ALUcontrol[4]" at controllogic.vhd(28) File: /home/zrhirst/Documents/S22/SingleCycleMIPSProcessor/single-cycle-mips-processor-group-1_02/cpre381-toolflow/proj/src/TopLevel/controllogic.vhd Line: 28
Info (10041): Inferred latch for "ALUcontrol[5]" at controllogic.vhd(28) File: /home/zrhirst/Documents/S22/SingleCycleMIPSProcessor/single-cycle-mips-processor-group-1_02/cpre381-toolflow/proj/src/TopLevel/controllogic.vhd Line: 28
Info (10041): Inferred latch for "ALUsrc" at controllogic.vhd(28) File: /home/zrhirst/Documents/S22/SingleCycleMIPSProcessor/single-cycle-mips-processor-group-1_02/cpre381-toolflow/proj/src/TopLevel/controllogic.vhd Line: 28
Info (276014): Found 2 instances of uninferred RAM logic
    Info (276007): RAM logic "mem:IMem|ram" is uninferred due to asynchronous read logic File: /home/zrhirst/Documents/S22/SingleCycleMIPSProcessor/single-cycle-mips-processor-group-1_02/cpre381-toolflow/proj/src/TopLevel/mem.vhd Line: 35
    Info (276007): RAM logic "mem:DMem|ram" is uninferred due to asynchronous read logic File: /home/zrhirst/Documents/S22/SingleCycleMIPSProcessor/single-cycle-mips-processor-group-1_02/cpre381-toolflow/proj/src/TopLevel/mem.vhd Line: 35
Warning (276002): Cannot convert all sets of registers into RAM megafunctions when creating nodes; therefore, the resulting number of registers remaining in design can cause longer compilation time or result in insufficient memory to complete Analysis and Synthesis
Warning (12241): 1 hierarchies have connectivity warnings - see the Connectivity Checks report folder
Info (13025): Duplicate LATCH primitives merged into single LATCH primitive
    Info (13026): Duplicate LATCH primitive "controllogic:control|jaldst" merged with LATCH primitive "controllogic:control|jaldata" File: /home/zrhirst/Documents/S22/SingleCycleMIPSProcessor/single-cycle-mips-processor-group-1_02/cpre381-toolflow/proj/src/TopLevel/controllogic.vhd Line: 17
Warning (13012): Latch controllogic:control|ALUsrc has unsafe behavior File: /home/zrhirst/Documents/S22/SingleCycleMIPSProcessor/single-cycle-mips-processor-group-1_02/cpre381-toolflow/proj/src/TopLevel/controllogic.vhd Line: 7
    Warning (13013): Ports D and ENA on the latch are fed by the same signal programcounter:pc|o_InstrAddress[11] File: /home/zrhirst/Documents/S22/SingleCycleMIPSProcessor/single-cycle-mips-processor-group-1_02/cpre381-toolflow/proj/src/TopLevel/programcounter.vhd Line: 18
Warning (13012): Latch controllogic:control|extendersel has unsafe behavior File: /home/zrhirst/Documents/S22/SingleCycleMIPSProcessor/single-cycle-mips-processor-group-1_02/cpre381-toolflow/proj/src/TopLevel/controllogic.vhd Line: 15
    Warning (13013): Ports D and ENA on the latch are fed by the same signal programcounter:pc|o_InstrAddress[11] File: /home/zrhirst/Documents/S22/SingleCycleMIPSProcessor/single-cycle-mips-processor-group-1_02/cpre381-toolflow/proj/src/TopLevel/programcounter.vhd Line: 18
Warning (13012): Latch controllogic:control|ALUcontrol[4] has unsafe behavior File: /home/zrhirst/Documents/S22/SingleCycleMIPSProcessor/single-cycle-mips-processor-group-1_02/cpre381-toolflow/proj/src/TopLevel/controllogic.vhd Line: 28
    Warning (13013): Ports D and ENA on the latch are fed by the same signal programcounter:pc|o_InstrAddress[11] File: /home/zrhirst/Documents/S22/SingleCycleMIPSProcessor/single-cycle-mips-processor-group-1_02/cpre381-toolflow/proj/src/TopLevel/programcounter.vhd Line: 18
Warning (13012): Latch controllogic:control|ALUcontrol[2] has unsafe behavior File: /home/zrhirst/Documents/S22/SingleCycleMIPSProcessor/single-cycle-mips-processor-group-1_02/cpre381-toolflow/proj/src/TopLevel/controllogic.vhd Line: 28
    Warning (13013): Ports D and ENA on the latch are fed by the same signal programcounter:pc|o_InstrAddress[11] File: /home/zrhirst/Documents/S22/SingleCycleMIPSProcessor/single-cycle-mips-processor-group-1_02/cpre381-toolflow/proj/src/TopLevel/programcounter.vhd Line: 18
Warning (13012): Latch controllogic:control|ALUcontrol[0] has unsafe behavior File: /home/zrhirst/Documents/S22/SingleCycleMIPSProcessor/single-cycle-mips-processor-group-1_02/cpre381-toolflow/proj/src/TopLevel/controllogic.vhd Line: 28
    Warning (13013): Ports D and ENA on the latch are fed by the same signal programcounter:pc|o_InstrAddress[10] File: /home/zrhirst/Documents/S22/SingleCycleMIPSProcessor/single-cycle-mips-processor-group-1_02/cpre381-toolflow/proj/src/TopLevel/programcounter.vhd Line: 18
Warning (13012): Latch controllogic:control|ALUcontrol[1] has unsafe behavior File: /home/zrhirst/Documents/S22/SingleCycleMIPSProcessor/single-cycle-mips-processor-group-1_02/cpre381-toolflow/proj/src/TopLevel/controllogic.vhd Line: 28
    Warning (13013): Ports D and ENA on the latch are fed by the same signal programcounter:pc|o_InstrAddress[10] File: /home/zrhirst/Documents/S22/SingleCycleMIPSProcessor/single-cycle-mips-processor-group-1_02/cpre381-toolflow/proj/src/TopLevel/programcounter.vhd Line: 18
Warning (13012): Latch controllogic:control|ALUcontrol[3] has unsafe behavior File: /home/zrhirst/Documents/S22/SingleCycleMIPSProcessor/single-cycle-mips-processor-group-1_02/cpre381-toolflow/proj/src/TopLevel/controllogic.vhd Line: 28
    Warning (13013): Ports D and ENA on the latch are fed by the same signal programcounter:pc|o_InstrAddress[11] File: /home/zrhirst/Documents/S22/SingleCycleMIPSProcessor/single-cycle-mips-processor-group-1_02/cpre381-toolflow/proj/src/TopLevel/programcounter.vhd Line: 18
Warning (13012): Latch controllogic:control|ALUcontrol[5] has unsafe behavior File: /home/zrhirst/Documents/S22/SingleCycleMIPSProcessor/single-cycle-mips-processor-group-1_02/cpre381-toolflow/proj/src/TopLevel/controllogic.vhd Line: 28
    Warning (13013): Ports D and ENA on the latch are fed by the same signal programcounter:pc|o_InstrAddress[11] File: /home/zrhirst/Documents/S22/SingleCycleMIPSProcessor/single-cycle-mips-processor-group-1_02/cpre381-toolflow/proj/src/TopLevel/programcounter.vhd Line: 18
Warning (13012): Latch controllogic:control|MemtoReg has unsafe behavior File: /home/zrhirst/Documents/S22/SingleCycleMIPSProcessor/single-cycle-mips-processor-group-1_02/cpre381-toolflow/proj/src/TopLevel/controllogic.vhd Line: 9
    Warning (13013): Ports D and ENA on the latch are fed by the same signal programcounter:pc|o_InstrAddress[11] File: /home/zrhirst/Documents/S22/SingleCycleMIPSProcessor/single-cycle-mips-processor-group-1_02/cpre381-toolflow/proj/src/TopLevel/programcounter.vhd Line: 18
Warning (13012): Latch controllogic:control|jaldata has unsafe behavior File: /home/zrhirst/Documents/S22/SingleCycleMIPSProcessor/single-cycle-mips-processor-group-1_02/cpre381-toolflow/proj/src/TopLevel/controllogic.vhd Line: 18
    Warning (13013): Ports D and ENA on the latch are fed by the same signal programcounter:pc|o_InstrAddress[11] File: /home/zrhirst/Documents/S22/SingleCycleMIPSProcessor/single-cycle-mips-processor-group-1_02/cpre381-toolflow/proj/src/TopLevel/programcounter.vhd Line: 18
Warning (13012): Latch controllogic:control|RegDst has unsafe behavior File: /home/zrhirst/Documents/S22/SingleCycleMIPSProcessor/single-cycle-mips-processor-group-1_02/cpre381-toolflow/proj/src/TopLevel/controllogic.vhd Line: 14
    Warning (13013): Ports D and ENA on the latch are fed by the same signal programcounter:pc|o_InstrAddress[11] File: /home/zrhirst/Documents/S22/SingleCycleMIPSProcessor/single-cycle-mips-processor-group-1_02/cpre381-toolflow/proj/src/TopLevel/programcounter.vhd Line: 18
Warning (13012): Latch controllogic:control|RegWrite has unsafe behavior File: /home/zrhirst/Documents/S22/SingleCycleMIPSProcessor/single-cycle-mips-processor-group-1_02/cpre381-toolflow/proj/src/TopLevel/controllogic.vhd Line: 13
    Warning (13013): Ports D and ENA on the latch are fed by the same signal programcounter:pc|o_InstrAddress[10] File: /home/zrhirst/Documents/S22/SingleCycleMIPSProcessor/single-cycle-mips-processor-group-1_02/cpre381-toolflow/proj/src/TopLevel/programcounter.vhd Line: 18
Warning (13012): Latch controllogic:control|jr has unsafe behavior File: /home/zrhirst/Documents/S22/SingleCycleMIPSProcessor/single-cycle-mips-processor-group-1_02/cpre381-toolflow/proj/src/TopLevel/controllogic.vhd Line: 19
    Warning (13013): Ports D and ENA on the latch are fed by the same signal programcounter:pc|o_InstrAddress[11] File: /home/zrhirst/Documents/S22/SingleCycleMIPSProcessor/single-cycle-mips-processor-group-1_02/cpre381-toolflow/proj/src/TopLevel/programcounter.vhd Line: 18
Warning (13012): Latch controllogic:control|Jump has unsafe behavior File: /home/zrhirst/Documents/S22/SingleCycleMIPSProcessor/single-cycle-mips-processor-group-1_02/cpre381-toolflow/proj/src/TopLevel/controllogic.vhd Line: 11
    Warning (13013): Ports D and ENA on the latch are fed by the same signal programcounter:pc|o_InstrAddress[11] File: /home/zrhirst/Documents/S22/SingleCycleMIPSProcessor/single-cycle-mips-processor-group-1_02/cpre381-toolflow/proj/src/TopLevel/programcounter.vhd Line: 18
Warning (13012): Latch controllogic:control|Branch has unsafe behavior File: /home/zrhirst/Documents/S22/SingleCycleMIPSProcessor/single-cycle-mips-processor-group-1_02/cpre381-toolflow/proj/src/TopLevel/controllogic.vhd Line: 10
    Warning (13013): Ports D and ENA on the latch are fed by the same signal programcounter:pc|o_InstrAddress[11] File: /home/zrhirst/Documents/S22/SingleCycleMIPSProcessor/single-cycle-mips-processor-group-1_02/cpre381-toolflow/proj/src/TopLevel/programcounter.vhd Line: 18
Warning (13012): Latch controllogic:control|btype has unsafe behavior File: /home/zrhirst/Documents/S22/SingleCycleMIPSProcessor/single-cycle-mips-processor-group-1_02/cpre381-toolflow/proj/src/TopLevel/controllogic.vhd Line: 21
    Warning (13013): Ports D and ENA on the latch are fed by the same signal programcounter:pc|o_InstrAddress[11] File: /home/zrhirst/Documents/S22/SingleCycleMIPSProcessor/single-cycle-mips-processor-group-1_02/cpre381-toolflow/proj/src/TopLevel/programcounter.vhd Line: 18
Warning (13012): Latch controllogic:control|MemWrite has unsafe behavior File: /home/zrhirst/Documents/S22/SingleCycleMIPSProcessor/single-cycle-mips-processor-group-1_02/cpre381-toolflow/proj/src/TopLevel/controllogic.vhd Line: 12
    Warning (13013): Ports D and ENA on the latch are fed by the same signal programcounter:pc|o_InstrAddress[11] File: /home/zrhirst/Documents/S22/SingleCycleMIPSProcessor/single-cycle-mips-processor-group-1_02/cpre381-toolflow/proj/src/TopLevel/programcounter.vhd Line: 18
Info (286030): Timing-Driven Synthesis is running
Info (16010): Generating hard_block partition "hard_block:auto_generated_inst"
    Info (16011): Adding 0 node(s), including 0 DDIO, 0 PLL, 0 transceiver and 0 LCELL
Warning (21074): Design contains 22 input pin(s) that do not drive logic
    Warning (15610): No output dependent on input pin "iInstAddr[0]" File: /home/zrhirst/Documents/S22/SingleCycleMIPSProcessor/single-cycle-mips-processor-group-1_02/cpre381-toolflow/proj/src/TopLevel/MIPS_Processor.vhd Line: 28
    Warning (15610): No output dependent on input pin "iInstAddr[1]" File: /home/zrhirst/Documents/S22/SingleCycleMIPSProcessor/single-cycle-mips-processor-group-1_02/cpre381-toolflow/proj/src/TopLevel/MIPS_Processor.vhd Line: 28
    Warning (15610): No output dependent on input pin "iInstAddr[12]" File: /home/zrhirst/Documents/S22/SingleCycleMIPSProcessor/single-cycle-mips-processor-group-1_02/cpre381-toolflow/proj/src/TopLevel/MIPS_Processor.vhd Line: 28
    Warning (15610): No output dependent on input pin "iInstAddr[13]" File: /home/zrhirst/Documents/S22/SingleCycleMIPSProcessor/single-cycle-mips-processor-group-1_02/cpre381-toolflow/proj/src/TopLevel/MIPS_Processor.vhd Line: 28
    Warning (15610): No output dependent on input pin "iInstAddr[14]" File: /home/zrhirst/Documents/S22/SingleCycleMIPSProcessor/single-cycle-mips-processor-group-1_02/cpre381-toolflow/proj/src/TopLevel/MIPS_Processor.vhd Line: 28
    Warning (15610): No output dependent on input pin "iInstAddr[15]" File: /home/zrhirst/Documents/S22/SingleCycleMIPSProcessor/single-cycle-mips-processor-group-1_02/cpre381-toolflow/proj/src/TopLevel/MIPS_Processor.vhd Line: 28
    Warning (15610): No output dependent on input pin "iInstAddr[16]" File: /home/zrhirst/Documents/S22/SingleCycleMIPSProcessor/single-cycle-mips-processor-group-1_02/cpre381-toolflow/proj/src/TopLevel/MIPS_Processor.vhd Line: 28
    Warning (15610): No output dependent on input pin "iInstAddr[17]" File: /home/zrhirst/Documents/S22/SingleCycleMIPSProcessor/single-cycle-mips-processor-group-1_02/cpre381-toolflow/proj/src/TopLevel/MIPS_Processor.vhd Line: 28
    Warning (15610): No output dependent on input pin "iInstAddr[18]" File: /home/zrhirst/Documents/S22/SingleCycleMIPSProcessor/single-cycle-mips-processor-group-1_02/cpre381-toolflow/proj/src/TopLevel/MIPS_Processor.vhd Line: 28
    Warning (15610): No output dependent on input pin "iInstAddr[19]" File: /home/zrhirst/Documents/S22/SingleCycleMIPSProcessor/single-cycle-mips-processor-group-1_02/cpre381-toolflow/proj/src/TopLevel/MIPS_Processor.vhd Line: 28
    Warning (15610): No output dependent on input pin "iInstAddr[20]" File: /home/zrhirst/Documents/S22/SingleCycleMIPSProcessor/single-cycle-mips-processor-group-1_02/cpre381-toolflow/proj/src/TopLevel/MIPS_Processor.vhd Line: 28
    Warning (15610): No output dependent on input pin "iInstAddr[21]" File: /home/zrhirst/Documents/S22/SingleCycleMIPSProcessor/single-cycle-mips-processor-group-1_02/cpre381-toolflow/proj/src/TopLevel/MIPS_Processor.vhd Line: 28
    Warning (15610): No output dependent on input pin "iInstAddr[22]" File: /home/zrhirst/Documents/S22/SingleCycleMIPSProcessor/single-cycle-mips-processor-group-1_02/cpre381-toolflow/proj/src/TopLevel/MIPS_Processor.vhd Line: 28
    Warning (15610): No output dependent on input pin "iInstAddr[23]" File: /home/zrhirst/Documents/S22/SingleCycleMIPSProcessor/single-cycle-mips-processor-group-1_02/cpre381-toolflow/proj/src/TopLevel/MIPS_Processor.vhd Line: 28
    Warning (15610): No output dependent on input pin "iInstAddr[24]" File: /home/zrhirst/Documents/S22/SingleCycleMIPSProcessor/single-cycle-mips-processor-group-1_02/cpre381-toolflow/proj/src/TopLevel/MIPS_Processor.vhd Line: 28
    Warning (15610): No output dependent on input pin "iInstAddr[25]" File: /home/zrhirst/Documents/S22/SingleCycleMIPSProcessor/single-cycle-mips-processor-group-1_02/cpre381-toolflow/proj/src/TopLevel/MIPS_Processor.vhd Line: 28
    Warning (15610): No output dependent on input pin "iInstAddr[26]" File: /home/zrhirst/Documents/S22/SingleCycleMIPSProcessor/single-cycle-mips-processor-group-1_02/cpre381-toolflow/proj/src/TopLevel/MIPS_Processor.vhd Line: 28
    Warning (15610): No output dependent on input pin "iInstAddr[27]" File: /home/zrhirst/Documents/S22/SingleCycleMIPSProcessor/single-cycle-mips-processor-group-1_02/cpre381-toolflow/proj/src/TopLevel/MIPS_Processor.vhd Line: 28
    Warning (15610): No output dependent on input pin "iInstAddr[28]" File: /home/zrhirst/Documents/S22/SingleCycleMIPSProcessor/single-cycle-mips-processor-group-1_02/cpre381-toolflow/proj/src/TopLevel/MIPS_Processor.vhd Line: 28
    Warning (15610): No output dependent on input pin "iInstAddr[29]" File: /home/zrhirst/Documents/S22/SingleCycleMIPSProcessor/single-cycle-mips-processor-group-1_02/cpre381-toolflow/proj/src/TopLevel/MIPS_Processor.vhd Line: 28
    Warning (15610): No output dependent on input pin "iInstAddr[30]" File: /home/zrhirst/Documents/S22/SingleCycleMIPSProcessor/single-cycle-mips-processor-group-1_02/cpre381-toolflow/proj/src/TopLevel/MIPS_Processor.vhd Line: 28
    Warning (15610): No output dependent on input pin "iInstAddr[31]" File: /home/zrhirst/Documents/S22/SingleCycleMIPSProcessor/single-cycle-mips-processor-group-1_02/cpre381-toolflow/proj/src/TopLevel/MIPS_Processor.vhd Line: 28
Info (21057): Implemented 114712 device resources after synthesis - the final resource count might be different
    Info (21058): Implemented 67 input pins
    Info (21059): Implemented 32 output pins
    Info (21061): Implemented 114613 logic cells
Info: Quartus Prime Analysis & Synthesis was successful. 0 errors, 80 warnings
    Info: Peak virtual memory: 1141 megabytes
    Info: Processing ended: Mon Apr 25 11:40:37 2022
    Info: Elapsed time: 00:06:26
    Info: Total CPU time (on all processors): 00:06:47
Info (125069): Default assignment values were changed in the current version of the Quartus Prime software -- changes to default assignments values are contained in file /usr/local/quartus/20.1/quartus/linux64/assignment_defaults.qdf
Info: *******************************************************************
Info: Running Quartus Prime Fitter
    Info: Version 20.1.1 Build 720 11/11/2020 SJ Standard Edition
    Info: Copyright (C) 2020  Intel Corporation. All rights reserved.
    Info: Your use of Intel Corporation's design tools, logic functions 
    Info: and other software and tools, and any partner logic 
    Info: functions, and any output files from any of the foregoing 
    Info: (including device programming or simulation files), and any 
    Info: associated documentation or information are expressly subject 
    Info: to the terms and conditions of the Intel Program License 
    Info: Subscription Agreement, the Intel Quartus Prime License Agreement,
    Info: the Intel FPGA IP License Agreement, or other applicable license
    Info: agreement, including, without limitation, that your use is for
    Info: the sole purpose of programming logic devices manufactured by
    Info: Intel and sold by Intel or its authorized distributors.  Please
    Info: refer to the applicable agreement for further details, at
    Info: https://fpgasoftware.intel.com/eula.
    Info: Processing started: Mon Apr 25 11:40:38 2022
Info: Command: quartus_fit --read_settings_files=on --write_settings_files=off toolflow -c toolflow
Info: qfit2_default_script.tcl version: #1
Info: Project  = toolflow
Info: Revision = toolflow
Warning (18236): Number of processors has not been specified which may cause overloading on shared machines.  Set the global assignment NUM_PARALLEL_PROCESSORS in your QSF to an appropriate value for best performance.
Info (20030): Parallel compilation is enabled and will use 12 of the 12 processors detected
Info (119006): Selected device EP4CE115F29C7 for design "toolflow"
Info (21076): High junction temperature operating condition is not set. Assuming a default value of '85'.
Info (21076): Low junction temperature operating condition is not set. Assuming a default value of '0'.
Info (171003): Fitter is performing an Auto Fit compilation, which may decrease Fitter effort to reduce compilation time
Info (176444): Device migration not selected. If you intend to use device migration later, you may need to change the pin assignments as they may be incompatible with other devices
    Info (176445): Device EP4CE40F29C7 is compatible
    Info (176445): Device EP4CE40F29I7 is compatible
    Info (176445): Device EP4CE30F29C7 is compatible
    Info (176445): Device EP4CE30F29I7 is compatible
    Info (176445): Device EP4CE55F29C7 is compatible
    Info (176445): Device EP4CE55F29I7 is compatible
    Info (176445): Device EP4CE75F29C7 is compatible
    Info (176445): Device EP4CE75F29I7 is compatible
    Info (176445): Device EP4CE115F29I7 is compatible
Info (169124): Fitter converted 5 user pins into dedicated programming pins
    Info (169125): Pin ~ALTERA_ASDO_DATA1~ is reserved at location F4
    Info (169125): Pin ~ALTERA_FLASH_nCE_nCSO~ is reserved at location E2
    Info (169125): Pin ~ALTERA_DCLK~ is reserved at location P3
    Info (169125): Pin ~ALTERA_DATA0~ is reserved at location N7
    Info (169125): Pin ~ALTERA_nCEO~ is reserved at location P28
Warning (15714): Some pins have incomplete I/O assignments. Refer to the I/O Assignment Warnings report for details
Critical Warning (169085): No exact pin location assignment(s) for 99 pins of 99 total pins. For the list of pins please refer to the I/O Assignment Warnings table in the fitter report.
Warning (335093): The Timing Analyzer is analyzing 17 combinational loops as latches. For more details, run the Check Timing command in the Timing Analyzer or view the "User-Specified and Inferred Latches" table in the Analysis & Synthesis report.
Info (332104): Reading SDC File: 'toolflow.sdc'
Warning (332060): Node: iInstAddr[10] was determined to be a clock but was found without an associated clock assignment.
    Info (13166): Latch controllogic:control|RegWrite is being clocked by iInstAddr[10]
Info (332129): Detected timing requirements -- optimizing circuit to achieve only the specified requirements
Info (332111): Found 1 clocks
    Info (332111):   Period   Clock Name
    Info (332111): ======== ============
    Info (332111):   20.000         iCLK
Info (176353): Automatically promoted node iCLK~input (placed in PIN J1 (CLK1, DIFFCLK_0n)) File: /home/zrhirst/Documents/S22/SingleCycleMIPSProcessor/single-cycle-mips-processor-group-1_02/cpre381-toolflow/proj/src/TopLevel/MIPS_Processor.vhd Line: 25
    Info (176355): Automatically promoted destinations to use location or clock signal Global Clock CLKCTRL_G2
    Info (176356): Following destination nodes may be non-global or may not use global or regional clocks
        Info (176357): Destination node programcounter:pc|o_InstrAddress[2] File: /home/zrhirst/Documents/S22/SingleCycleMIPSProcessor/single-cycle-mips-processor-group-1_02/cpre381-toolflow/proj/src/TopLevel/programcounter.vhd Line: 18
        Info (176357): Destination node programcounter:pc|o_InstrAddress[3] File: /home/zrhirst/Documents/S22/SingleCycleMIPSProcessor/single-cycle-mips-processor-group-1_02/cpre381-toolflow/proj/src/TopLevel/programcounter.vhd Line: 18
        Info (176357): Destination node programcounter:pc|o_InstrAddress[4] File: /home/zrhirst/Documents/S22/SingleCycleMIPSProcessor/single-cycle-mips-processor-group-1_02/cpre381-toolflow/proj/src/TopLevel/programcounter.vhd Line: 18
        Info (176357): Destination node programcounter:pc|o_InstrAddress[5] File: /home/zrhirst/Documents/S22/SingleCycleMIPSProcessor/single-cycle-mips-processor-group-1_02/cpre381-toolflow/proj/src/TopLevel/programcounter.vhd Line: 18
        Info (176357): Destination node programcounter:pc|o_InstrAddress[6] File: /home/zrhirst/Documents/S22/SingleCycleMIPSProcessor/single-cycle-mips-processor-group-1_02/cpre381-toolflow/proj/src/TopLevel/programcounter.vhd Line: 18
        Info (176357): Destination node programcounter:pc|o_InstrAddress[7] File: /home/zrhirst/Documents/S22/SingleCycleMIPSProcessor/single-cycle-mips-processor-group-1_02/cpre381-toolflow/proj/src/TopLevel/programcounter.vhd Line: 18
        Info (176357): Destination node programcounter:pc|o_InstrAddress[8] File: /home/zrhirst/Documents/S22/SingleCycleMIPSProcessor/single-cycle-mips-processor-group-1_02/cpre381-toolflow/proj/src/TopLevel/programcounter.vhd Line: 18
        Info (176357): Destination node programcounter:pc|o_InstrAddress[9] File: /home/zrhirst/Documents/S22/SingleCycleMIPSProcessor/single-cycle-mips-processor-group-1_02/cpre381-toolflow/proj/src/TopLevel/programcounter.vhd Line: 18
        Info (176357): Destination node programcounter:pc|o_InstrAddress[10] File: /home/zrhirst/Documents/S22/SingleCycleMIPSProcessor/single-cycle-mips-processor-group-1_02/cpre381-toolflow/proj/src/TopLevel/programcounter.vhd Line: 18
        Info (176357): Destination node programcounter:pc|o_InstrAddress[11] File: /home/zrhirst/Documents/S22/SingleCycleMIPSProcessor/single-cycle-mips-processor-group-1_02/cpre381-toolflow/proj/src/TopLevel/programcounter.vhd Line: 18
        Info (176358): Non-global destination nodes limited to 10 nodes
Info (176353): Automatically promoted node controllogic:control|Mux28~6  File: /home/zrhirst/Documents/S22/SingleCycleMIPSProcessor/single-cycle-mips-processor-group-1_02/cpre381-toolflow/proj/src/TopLevel/controllogic.vhd Line: 30
    Info (176355): Automatically promoted destinations to use location or clock signal Global Clock
Info (176353): Automatically promoted node iRST~input (placed in PIN Y2 (CLK2, DIFFCLK_1p)) File: /home/zrhirst/Documents/S22/SingleCycleMIPSProcessor/single-cycle-mips-processor-group-1_02/cpre381-toolflow/proj/src/TopLevel/MIPS_Processor.vhd Line: 26
    Info (176355): Automatically promoted destinations to use location or clock signal Global Clock CLKCTRL_G4
    Info (176356): Following destination nodes may be non-global or may not use global or regional clocks
        Info (176357): Destination node programcounter:pc|o_InstrAddress[2] File: /home/zrhirst/Documents/S22/SingleCycleMIPSProcessor/single-cycle-mips-processor-group-1_02/cpre381-toolflow/proj/src/TopLevel/programcounter.vhd Line: 18
        Info (176357): Destination node programcounter:pc|o_InstrAddress[3] File: /home/zrhirst/Documents/S22/SingleCycleMIPSProcessor/single-cycle-mips-processor-group-1_02/cpre381-toolflow/proj/src/TopLevel/programcounter.vhd Line: 18
        Info (176357): Destination node programcounter:pc|o_InstrAddress[4] File: /home/zrhirst/Documents/S22/SingleCycleMIPSProcessor/single-cycle-mips-processor-group-1_02/cpre381-toolflow/proj/src/TopLevel/programcounter.vhd Line: 18
        Info (176357): Destination node programcounter:pc|o_InstrAddress[5] File: /home/zrhirst/Documents/S22/SingleCycleMIPSProcessor/single-cycle-mips-processor-group-1_02/cpre381-toolflow/proj/src/TopLevel/programcounter.vhd Line: 18
        Info (176357): Destination node programcounter:pc|o_InstrAddress[6] File: /home/zrhirst/Documents/S22/SingleCycleMIPSProcessor/single-cycle-mips-processor-group-1_02/cpre381-toolflow/proj/src/TopLevel/programcounter.vhd Line: 18
        Info (176357): Destination node programcounter:pc|o_InstrAddress[7] File: /home/zrhirst/Documents/S22/SingleCycleMIPSProcessor/single-cycle-mips-processor-group-1_02/cpre381-toolflow/proj/src/TopLevel/programcounter.vhd Line: 18
        Info (176357): Destination node programcounter:pc|o_InstrAddress[8] File: /home/zrhirst/Documents/S22/SingleCycleMIPSProcessor/single-cycle-mips-processor-group-1_02/cpre381-toolflow/proj/src/TopLevel/programcounter.vhd Line: 18
        Info (176357): Destination node programcounter:pc|o_InstrAddress[9] File: /home/zrhirst/Documents/S22/SingleCycleMIPSProcessor/single-cycle-mips-processor-group-1_02/cpre381-toolflow/proj/src/TopLevel/programcounter.vhd Line: 18
        Info (176357): Destination node programcounter:pc|o_InstrAddress[10] File: /home/zrhirst/Documents/S22/SingleCycleMIPSProcessor/single-cycle-mips-processor-group-1_02/cpre381-toolflow/proj/src/TopLevel/programcounter.vhd Line: 18
        Info (176357): Destination node programcounter:pc|o_InstrAddress[11] File: /home/zrhirst/Documents/S22/SingleCycleMIPSProcessor/single-cycle-mips-processor-group-1_02/cpre381-toolflow/proj/src/TopLevel/programcounter.vhd Line: 18
        Info (176358): Non-global destination nodes limited to 10 nodes
Info (176233): Starting register packing
Info (176235): Finished register packing
    Extra Info (176219): No registers were packed into other blocks
Info (176214): Statistics of I/O pins that need to be placed that use the same VCCIO and VREF, before I/O pin placement
    Info (176211): Number of I/O pins in group: 97 (unused VREF, 2.5V VCCIO, 65 input, 32 output, 0 bidirectional)
        Info (176212): I/O standards used: 2.5 V.
Info (176215): I/O bank details before I/O pin placement
    Info (176214): Statistics of I/O banks
        Info (176213): I/O bank number 1 does not use VREF pins and has undetermined VCCIO pins. 5 total pin(s) used --  51 pins available
        Info (176213): I/O bank number 2 does not use VREF pins and has undetermined VCCIO pins. 1 total pin(s) used --  62 pins available
        Info (176213): I/O bank number 3 does not use VREF pins and has undetermined VCCIO pins. 0 total pin(s) used --  73 pins available
        Info (176213): I/O bank number 4 does not use VREF pins and has undetermined VCCIO pins. 0 total pin(s) used --  71 pins available
        Info (176213): I/O bank number 5 does not use VREF pins and has undetermined VCCIO pins. 0 total pin(s) used --  65 pins available
        Info (176213): I/O bank number 6 does not use VREF pins and has undetermined VCCIO pins. 1 total pin(s) used --  57 pins available
        Info (176213): I/O bank number 7 does not use VREF pins and has undetermined VCCIO pins. 0 total pin(s) used --  72 pins available
        Info (176213): I/O bank number 8 does not use VREF pins and has undetermined VCCIO pins. 0 total pin(s) used --  71 pins available
Info (171121): Fitter preparation operations ending: elapsed time is 00:02:24
Info (14896): Fitter has disabled Advanced Physical Optimization because it is not supported for the current family.
Info (170189): Fitter placement preparation operations beginning
Info (170190): Fitter placement preparation operations ending: elapsed time is 00:00:31
Info (170191): Fitter placement operations beginning
Info (170137): Fitter placement was successful
Info (170192): Fitter placement operations ending: elapsed time is 00:05:24
Info (170193): Fitter routing operations beginning
Info (170195): Router estimated average interconnect usage is 36% of the available device resources
    Info (170196): Router estimated peak interconnect usage is 65% of the available device resources in the region that extends from location X69_Y37 to location X80_Y48
Warning (16684): The router is trying to resolve an exceedingly large amount of congestion. At the moment, it predicts long routing run time and/or significant setup or hold timing failures. Congestion details can be found in the Chip Planner.
Info (188005): Design requires adding a large amount of routing delay for some signals to meet hold time requirements, and there is an excessive demand for the available routing resources. The Fitter is reducing the routing delays of some signals to help the routing algorithm converge, but doing so may cause hold time failures. For more information, refer to the "Estimated Delay Added for Hold Timing" section in the Fitter report.
Info (170236): Routing optimizations have been running for 1 hour(s)
    Info (170242): 84268 out of 84422 signals have been routed.
    Info (170238): 111 interconnect resources are used by multiple signals.
Info (170134): Cannot fit design in device -- retrying with increased optimization that can result in longer processing time
    Info (170138): Failed to route the following 2 signal(s)
        Info (170139): Signal "mux2t1_N:jaldatamux|mux2t1:\G_NBit_MUX:0:MUXI|org2:G4|o_F~3"
        Info (170139): Signal "registerfile:regfilemap|register1:\reg:16:registers|dffg:\reg:2:regi|s_Q"
    Info (170140): Cannot fit design in device -- following 2 routing resource(s) needed by more than one signal during the last fitting attempt
        Info (170141): Routing resource LAB Block interconnect (X66_Y39, I5)
        Info (170141): Routing resource LAB Block interconnect (X66_Y39, I15)
Info (170199): The Fitter performed an Auto Fit compilation.  Optimizations were skipped to reduce compilation time.
    Info (170201): Optimizations that may affect the design's routability were skipped
Info (170194): Fitter routing operations ending: elapsed time is 01:21:18
Info (170197): The Fitter will not skip routability optimizations in all subsequent fit attempts
Info (170189): Fitter placement preparation operations beginning
Info (170190): Fitter placement preparation operations ending: elapsed time is 00:00:29
Info (170191): Fitter placement operations beginning
Info (170137): Fitter placement was successful
Info (170192): Fitter placement operations ending: elapsed time is 00:17:17
Info (170193): Fitter routing operations beginning
Info (170195): Router estimated average interconnect usage is 29% of the available device resources
    Info (170196): Router estimated peak interconnect usage is 55% of the available device resources in the region that extends from location X81_Y24 to location X91_Y36
Info (170236): Routing optimizations have been running for 1 hour(s)
    Info (170242): 84454 out of 84457 signals have been routed.
    Info (170238): 0 interconnect resources are used by multiple signals.
Info (170202): The Fitter performed an Auto Fit compilation.  No optimizations were skipped because the design's timing and routability requirements required full optimization.
Info (170194): Fitter routing operations ending: elapsed time is 01:01:19
Info (11888): Total time spent on timing analysis during the Fitter is 1329.85 seconds.
Info (334003): Started post-fitting delay annotation
Info (334004): Delay annotation completed successfully
Info (334003): Started post-fitting delay annotation
Info (334004): Delay annotation completed successfully
Info (11218): Fitter post-fit operations ending: elapsed time is 00:00:48
Info (144001): Generated suppressed messages file /home/zrhirst/Documents/S22/SingleCycleMIPSProcessor/single-cycle-mips-processor-group-1_02/cpre381-toolflow/internal/QuartusWork/output_files/toolflow.fit.smsg
Info: Quartus Prime Fitter was successful. 0 errors, 6 warnings
    Info: Peak virtual memory: 3448 megabytes
    Info: Processing ended: Mon Apr 25 14:32:41 2022
    Info: Elapsed time: 02:52:03
    Info: Total CPU time (on all processors): 09:12:10
Info: *******************************************************************
Info: Running Quartus Prime Assembler
    Info: Version 20.1.1 Build 720 11/11/2020 SJ Standard Edition
    Info: Copyright (C) 2020  Intel Corporation. All rights reserved.
    Info: Your use of Intel Corporation's design tools, logic functions 
    Info: and other software and tools, and any partner logic 
    Info: functions, and any output files from any of the foregoing 
    Info: (including device programming or simulation files), and any 
    Info: associated documentation or information are expressly subject 
    Info: to the terms and conditions of the Intel Program License 
    Info: Subscription Agreement, the Intel Quartus Prime License Agreement,
    Info: the Intel FPGA IP License Agreement, or other applicable license
    Info: agreement, including, without limitation, that your use is for
    Info: the sole purpose of programming logic devices manufactured by
    Info: Intel and sold by Intel or its authorized distributors.  Please
    Info: refer to the applicable agreement for further details, at
    Info: https://fpgasoftware.intel.com/eula.
    Info: Processing started: Mon Apr 25 14:32:44 2022
Info: Command: quartus_asm --read_settings_files=on --write_settings_files=off toolflow -c toolflow
Info (125069): Default assignment values were changed in the current version of the Quartus Prime software -- changes to default assignments values are contained in file /usr/local/quartus/20.1/quartus/linux64/assignment_defaults.qdf
Warning (18236): Number of processors has not been specified which may cause overloading on shared machines.  Set the global assignment NUM_PARALLEL_PROCESSORS in your QSF to an appropriate value for best performance.
Info (115031): Writing out detailed assembly data for power analysis
Info (115030): Assembler is generating device programming files
Info: Quartus Prime Assembler was successful. 0 errors, 1 warning
    Info: Peak virtual memory: 758 megabytes
    Info: Processing ended: Mon Apr 25 14:32:58 2022
    Info: Elapsed time: 00:00:14
    Info: Total CPU time (on all processors): 00:00:15
