Analysis & Synthesis report for toolflow
Wed May  4 10:13:57 2022
Quartus Prime Version 20.1.1 Build 720 11/11/2020 SJ Standard Edition


---------------------
; Table of Contents ;
---------------------
  1. Legal Notice
  2. Analysis & Synthesis Summary
  3. Analysis & Synthesis Settings
  4. Parallel Compilation
  5. Analysis & Synthesis Messages



----------------
; Legal Notice ;
----------------
Copyright (C) 2020  Intel Corporation. All rights reserved.
Your use of Intel Corporation's design tools, logic functions 
and other software and tools, and any partner logic 
functions, and any output files from any of the foregoing 
(including device programming or simulation files), and any 
associated documentation or information are expressly subject 
to the terms and conditions of the Intel Program License 
Subscription Agreement, the Intel Quartus Prime License Agreement,
the Intel FPGA IP License Agreement, or other applicable license
agreement, including, without limitation, that your use is for
the sole purpose of programming logic devices manufactured by
Intel and sold by Intel or its authorized distributors.  Please
refer to the applicable agreement for further details, at
https://fpgasoftware.intel.com/eula.



+--------------------------------------------------------------------------------------+
; Analysis & Synthesis Summary                                                         ;
+------------------------------------+-------------------------------------------------+
; Analysis & Synthesis Status        ; Failed - Wed May  4 10:13:57 2022               ;
; Quartus Prime Version              ; 20.1.1 Build 720 11/11/2020 SJ Standard Edition ;
; Revision Name                      ; toolflow                                        ;
; Top-level Entity Name              ; MIPS_Processor                                  ;
; Family                             ; Cyclone IV E                                    ;
; Total logic elements               ; N/A until Partition Merge                       ;
;     Total combinational functions  ; N/A until Partition Merge                       ;
;     Dedicated logic registers      ; N/A until Partition Merge                       ;
; Total registers                    ; N/A until Partition Merge                       ;
; Total pins                         ; N/A until Partition Merge                       ;
; Total virtual pins                 ; N/A until Partition Merge                       ;
; Total memory bits                  ; N/A until Partition Merge                       ;
; Embedded Multiplier 9-bit elements ; N/A until Partition Merge                       ;
; Total PLLs                         ; N/A until Partition Merge                       ;
+------------------------------------+-------------------------------------------------+


+------------------------------------------------------------------------------------------------------------+
; Analysis & Synthesis Settings                                                                              ;
+------------------------------------------------------------------+--------------------+--------------------+
; Option                                                           ; Setting            ; Default Value      ;
+------------------------------------------------------------------+--------------------+--------------------+
; Device                                                           ; EP4CE115F29C7      ;                    ;
; Top-level entity name                                            ; MIPS_Processor     ; toolflow           ;
; Family name                                                      ; Cyclone IV E       ; Cyclone V          ;
; Use smart compilation                                            ; Off                ; Off                ;
; Enable parallel Assembler and Timing Analyzer during compilation ; On                 ; On                 ;
; Enable compact report table                                      ; Off                ; Off                ;
; Restructure Multiplexers                                         ; Auto               ; Auto               ;
; Create Debugging Nodes for IP Cores                              ; Off                ; Off                ;
; Preserve fewer node names                                        ; On                 ; On                 ;
; Intel FPGA IP Evaluation Mode                                    ; Enable             ; Enable             ;
; Verilog Version                                                  ; Verilog_2001       ; Verilog_2001       ;
; VHDL Version                                                     ; VHDL_1993          ; VHDL_1993          ;
; State Machine Processing                                         ; Auto               ; Auto               ;
; Safe State Machine                                               ; Off                ; Off                ;
; Extract Verilog State Machines                                   ; On                 ; On                 ;
; Extract VHDL State Machines                                      ; On                 ; On                 ;
; Ignore Verilog initial constructs                                ; Off                ; Off                ;
; Iteration limit for constant Verilog loops                       ; 5000               ; 5000               ;
; Iteration limit for non-constant Verilog loops                   ; 250                ; 250                ;
; Add Pass-Through Logic to Inferred RAMs                          ; On                 ; On                 ;
; Infer RAMs from Raw Logic                                        ; On                 ; On                 ;
; Parallel Synthesis                                               ; On                 ; On                 ;
; DSP Block Balancing                                              ; Auto               ; Auto               ;
; NOT Gate Push-Back                                               ; On                 ; On                 ;
; Power-Up Don't Care                                              ; On                 ; On                 ;
; Remove Redundant Logic Cells                                     ; Off                ; Off                ;
; Remove Duplicate Registers                                       ; On                 ; On                 ;
; Ignore CARRY Buffers                                             ; Off                ; Off                ;
; Ignore CASCADE Buffers                                           ; Off                ; Off                ;
; Ignore GLOBAL Buffers                                            ; Off                ; Off                ;
; Ignore ROW GLOBAL Buffers                                        ; Off                ; Off                ;
; Ignore LCELL Buffers                                             ; Off                ; Off                ;
; Ignore SOFT Buffers                                              ; On                 ; On                 ;
; Limit AHDL Integers to 32 Bits                                   ; Off                ; Off                ;
; Optimization Technique                                           ; Balanced           ; Balanced           ;
; Carry Chain Length                                               ; 70                 ; 70                 ;
; Auto Carry Chains                                                ; On                 ; On                 ;
; Auto Open-Drain Pins                                             ; On                 ; On                 ;
; Perform WYSIWYG Primitive Resynthesis                            ; Off                ; Off                ;
; Auto ROM Replacement                                             ; On                 ; On                 ;
; Auto RAM Replacement                                             ; On                 ; On                 ;
; Auto DSP Block Replacement                                       ; On                 ; On                 ;
; Auto Shift Register Replacement                                  ; Auto               ; Auto               ;
; Allow Shift Register Merging across Hierarchies                  ; Auto               ; Auto               ;
; Auto Clock Enable Replacement                                    ; On                 ; On                 ;
; Strict RAM Replacement                                           ; Off                ; Off                ;
; Allow Synchronous Control Signals                                ; On                 ; On                 ;
; Force Use of Synchronous Clear Signals                           ; Off                ; Off                ;
; Auto RAM Block Balancing                                         ; On                 ; On                 ;
; Auto RAM to Logic Cell Conversion                                ; Off                ; Off                ;
; Auto Resource Sharing                                            ; Off                ; Off                ;
; Allow Any RAM Size For Recognition                               ; Off                ; Off                ;
; Allow Any ROM Size For Recognition                               ; Off                ; Off                ;
; Allow Any Shift Register Size For Recognition                    ; Off                ; Off                ;
; Use LogicLock Constraints during Resource Balancing              ; On                 ; On                 ;
; Ignore translate_off and synthesis_off directives                ; Off                ; Off                ;
; Timing-Driven Synthesis                                          ; On                 ; On                 ;
; Report Parameter Settings                                        ; On                 ; On                 ;
; Report Source Assignments                                        ; On                 ; On                 ;
; Report Connectivity Checks                                       ; On                 ; On                 ;
; Ignore Maximum Fan-Out Assignments                               ; Off                ; Off                ;
; Synchronization Register Chain Length                            ; 2                  ; 2                  ;
; Power Optimization During Synthesis                              ; Normal compilation ; Normal compilation ;
; HDL message level                                                ; Level2             ; Level2             ;
; Suppress Register Optimization Related Messages                  ; Off                ; Off                ;
; Number of Removed Registers Reported in Synthesis Report         ; 5000               ; 5000               ;
; Number of Swept Nodes Reported in Synthesis Report               ; 5000               ; 5000               ;
; Number of Inverted Registers Reported in Synthesis Report        ; 100                ; 100                ;
; Clock MUX Protection                                             ; On                 ; On                 ;
; Auto Gated Clock Conversion                                      ; Off                ; Off                ;
; Block Design Naming                                              ; Auto               ; Auto               ;
; SDC constraint protection                                        ; Off                ; Off                ;
; Synthesis Effort                                                 ; Auto               ; Auto               ;
; Shift Register Replacement - Allow Asynchronous Clear Signal     ; On                 ; On                 ;
; Pre-Mapping Resynthesis Optimization                             ; Off                ; Off                ;
; Analysis & Synthesis Message Level                               ; Medium             ; Medium             ;
; Disable Register Merging Across Hierarchies                      ; Auto               ; Auto               ;
; Resource Aware Inference For Block RAM                           ; On                 ; On                 ;
+------------------------------------------------------------------+--------------------+--------------------+


+------------------------------------------+
; Parallel Compilation                     ;
+----------------------------+-------------+
; Processors                 ; Number      ;
+----------------------------+-------------+
; Number detected on machine ; 24          ;
; Maximum allowed            ; 12          ;
;                            ;             ;
; Average used               ; 1.00        ;
; Maximum used               ; 1           ;
;                            ;             ;
; Usage by Processor         ; % Time Used ;
;     Processor 1            ; 100.0%      ;
+----------------------------+-------------+


+-------------------------------+
; Analysis & Synthesis Messages ;
+-------------------------------+
Info: *******************************************************************
Info: Running Quartus Prime Analysis & Synthesis
    Info: Version 20.1.1 Build 720 11/11/2020 SJ Standard Edition
    Info: Copyright (C) 2020  Intel Corporation. All rights reserved.
    Info: Your use of Intel Corporation's design tools, logic functions 
    Info: and other software and tools, and any partner logic 
    Info: functions, and any output files from any of the foregoing 
    Info: (including device programming or simulation files), and any 
    Info: associated documentation or information are expressly subject 
    Info: to the terms and conditions of the Intel Program License 
    Info: Subscription Agreement, the Intel Quartus Prime License Agreement,
    Info: the Intel FPGA IP License Agreement, or other applicable license
    Info: agreement, including, without limitation, that your use is for
    Info: the sole purpose of programming logic devices manufactured by
    Info: Intel and sold by Intel or its authorized distributors.  Please
    Info: refer to the applicable agreement for further details, at
    Info: https://fpgasoftware.intel.com/eula.
    Info: Processing started: Wed May  4 10:13:49 2022
Info: Command: quartus_map --read_settings_files=on --write_settings_files=off toolflow -c toolflow
Info (125068): Revision "toolflow" was previously opened in Quartus II software version 18.0.0 Standard Edition. Created Quartus Prime Default Settings File /home/zrhirst/Documents/S22/Projects/single-cycle-mips-processor-group-1_02/SingleCycle/cpre381-toolflow/internal/QuartusWork/toolflow_assignment_defaults.qdf, which contains the default assignment setting information from Quartus II software version 18.0.0 Standard Edition.
Info (125069): Default assignment values were changed in the current version of the Quartus Prime software -- changes to default assignments values are contained in file /usr/local/quartus/20.1/quartus/linux64/assignment_defaults.qdf
Warning (18236): Number of processors has not been specified which may cause overloading on shared machines.  Set the global assignment NUM_PARALLEL_PROCESSORS in your QSF to an appropriate value for best performance.
Info (20030): Parallel compilation is enabled and will use 12 of the 12 processors detected
Info (12021): Found 3 design units, including 0 entities, in source file /home/zrhirst/Documents/S22/Projects/single-cycle-mips-processor-group-1_02/SingleCycle/cpre381-toolflow/proj/src/MIPS_types.vhd
    Info (12022): Found design unit 1: MIPS_types File: /home/zrhirst/Documents/S22/Projects/single-cycle-mips-processor-group-1_02/SingleCycle/cpre381-toolflow/proj/src/MIPS_types.vhd Line: 15
    Info (12022): Found design unit 2: arraytype File: /home/zrhirst/Documents/S22/Projects/single-cycle-mips-processor-group-1_02/SingleCycle/cpre381-toolflow/proj/src/MIPS_types.vhd Line: 32
    Info (12022): Found design unit 3: MIPS_types-body File: /home/zrhirst/Documents/S22/Projects/single-cycle-mips-processor-group-1_02/SingleCycle/cpre381-toolflow/proj/src/MIPS_types.vhd Line: 38
Info (12021): Found 2 design units, including 1 entities, in source file /home/zrhirst/Documents/S22/Projects/single-cycle-mips-processor-group-1_02/SingleCycle/cpre381-toolflow/proj/src/TopLevel/1scomp.vhd
    Info (12022): Found design unit 1: onescomp-structural File: /home/zrhirst/Documents/S22/Projects/single-cycle-mips-processor-group-1_02/SingleCycle/cpre381-toolflow/proj/src/TopLevel/1scomp.vhd Line: 10
    Info (12023): Found entity 1: onescomp File: /home/zrhirst/Documents/S22/Projects/single-cycle-mips-processor-group-1_02/SingleCycle/cpre381-toolflow/proj/src/TopLevel/1scomp.vhd Line: 4
Info (12021): Found 2 design units, including 1 entities, in source file /home/zrhirst/Documents/S22/Projects/single-cycle-mips-processor-group-1_02/SingleCycle/cpre381-toolflow/proj/src/TopLevel/ALU.vhd
    Info (12022): Found design unit 1: ALU-struct File: /home/zrhirst/Documents/S22/Projects/single-cycle-mips-processor-group-1_02/SingleCycle/cpre381-toolflow/proj/src/TopLevel/ALU.vhd Line: 16
    Info (12023): Found entity 1: ALU File: /home/zrhirst/Documents/S22/Projects/single-cycle-mips-processor-group-1_02/SingleCycle/cpre381-toolflow/proj/src/TopLevel/ALU.vhd Line: 4
Info (12021): Found 2 design units, including 1 entities, in source file /home/zrhirst/Documents/S22/Projects/single-cycle-mips-processor-group-1_02/SingleCycle/cpre381-toolflow/proj/src/TopLevel/AdderSub.vhd
    Info (12022): Found design unit 1: AdderSub-structural File: /home/zrhirst/Documents/S22/Projects/single-cycle-mips-processor-group-1_02/SingleCycle/cpre381-toolflow/proj/src/TopLevel/AdderSub.vhd Line: 15
    Info (12023): Found entity 1: AdderSub File: /home/zrhirst/Documents/S22/Projects/single-cycle-mips-processor-group-1_02/SingleCycle/cpre381-toolflow/proj/src/TopLevel/AdderSub.vhd Line: 4
Info (12021): Found 2 design units, including 1 entities, in source file /home/zrhirst/Documents/S22/Projects/single-cycle-mips-processor-group-1_02/SingleCycle/cpre381-toolflow/proj/src/TopLevel/Adder_N.vhd
    Info (12022): Found design unit 1: full_adder_N-structural File: /home/zrhirst/Documents/S22/Projects/single-cycle-mips-processor-group-1_02/SingleCycle/cpre381-toolflow/proj/src/TopLevel/Adder_N.vhd Line: 14
    Info (12023): Found entity 1: full_adder_N File: /home/zrhirst/Documents/S22/Projects/single-cycle-mips-processor-group-1_02/SingleCycle/cpre381-toolflow/proj/src/TopLevel/Adder_N.vhd Line: 4
Info (12021): Found 2 design units, including 1 entities, in source file /home/zrhirst/Documents/S22/Projects/single-cycle-mips-processor-group-1_02/SingleCycle/cpre381-toolflow/proj/src/TopLevel/MIPS_Processor.vhd
    Info (12022): Found design unit 1: MIPS_Processor-structure File: /home/zrhirst/Documents/S22/Projects/single-cycle-mips-processor-group-1_02/SingleCycle/cpre381-toolflow/proj/src/TopLevel/MIPS_Processor.vhd Line: 35
    Info (12023): Found entity 1: MIPS_Processor File: /home/zrhirst/Documents/S22/Projects/single-cycle-mips-processor-group-1_02/SingleCycle/cpre381-toolflow/proj/src/TopLevel/MIPS_Processor.vhd Line: 23
Error (10430): VHDL Primary Unit Declaration error at MIPS_types.vhd(15): primary unit "MIPS_types" already exists in library "work". Compile the two primary units into different libraries or assign them unique names. The Intel FPGA Knowledge Database contains many articles with specific details on how to resolve this error. Visit the Knowledge Database at https://www.altera.com/support/support-resources/knowledge-base/search.html and search for this specific error message number. File: /home/zrhirst/Documents/S22/Projects/single-cycle-mips-processor-group-1_02/SingleCycle/cpre381-toolflow/proj/src/TopLevel/MIPS_types.vhd Line: 15
Error (10784): HDL error at MIPS_types.vhd(15): see declaration for object "MIPS_types" File: /home/zrhirst/Documents/S22/Projects/single-cycle-mips-processor-group-1_02/SingleCycle/cpre381-toolflow/proj/src/MIPS_types.vhd Line: 15
Info (12021): Found 0 design units, including 0 entities, in source file /home/zrhirst/Documents/S22/Projects/single-cycle-mips-processor-group-1_02/SingleCycle/cpre381-toolflow/proj/src/TopLevel/MIPS_types.vhd
Info (12021): Found 2 design units, including 1 entities, in source file /home/zrhirst/Documents/S22/Projects/single-cycle-mips-processor-group-1_02/SingleCycle/cpre381-toolflow/proj/src/TopLevel/adder.vhd
    Info (12022): Found design unit 1: adder-structural File: /home/zrhirst/Documents/S22/Projects/single-cycle-mips-processor-group-1_02/SingleCycle/cpre381-toolflow/proj/src/TopLevel/adder.vhd Line: 12
    Info (12023): Found entity 1: adder File: /home/zrhirst/Documents/S22/Projects/single-cycle-mips-processor-group-1_02/SingleCycle/cpre381-toolflow/proj/src/TopLevel/adder.vhd Line: 4
Info (12021): Found 2 design units, including 1 entities, in source file /home/zrhirst/Documents/S22/Projects/single-cycle-mips-processor-group-1_02/SingleCycle/cpre381-toolflow/proj/src/TopLevel/alu_mux.vhd
    Info (12022): Found design unit 1: alu_mux-struct File: /home/zrhirst/Documents/S22/Projects/single-cycle-mips-processor-group-1_02/SingleCycle/cpre381-toolflow/proj/src/TopLevel/alu_mux.vhd Line: 18
    Info (12023): Found entity 1: alu_mux File: /home/zrhirst/Documents/S22/Projects/single-cycle-mips-processor-group-1_02/SingleCycle/cpre381-toolflow/proj/src/TopLevel/alu_mux.vhd Line: 4
Info (12021): Found 2 design units, including 1 entities, in source file /home/zrhirst/Documents/S22/Projects/single-cycle-mips-processor-group-1_02/SingleCycle/cpre381-toolflow/proj/src/TopLevel/alu_mux_simple.vhd
    Info (12022): Found design unit 1: alu_mux_simple-struct File: /home/zrhirst/Documents/S22/Projects/single-cycle-mips-processor-group-1_02/SingleCycle/cpre381-toolflow/proj/src/TopLevel/alu_mux_simple.vhd Line: 18
    Info (12023): Found entity 1: alu_mux_simple File: /home/zrhirst/Documents/S22/Projects/single-cycle-mips-processor-group-1_02/SingleCycle/cpre381-toolflow/proj/src/TopLevel/alu_mux_simple.vhd Line: 4
Info (12021): Found 2 design units, including 1 entities, in source file /home/zrhirst/Documents/S22/Projects/single-cycle-mips-processor-group-1_02/SingleCycle/cpre381-toolflow/proj/src/TopLevel/andg2.vhd
    Info (12022): Found design unit 1: andg2-dataflow File: /home/zrhirst/Documents/S22/Projects/single-cycle-mips-processor-group-1_02/SingleCycle/cpre381-toolflow/proj/src/TopLevel/andg2.vhd Line: 31
    Info (12023): Found entity 1: andg2 File: /home/zrhirst/Documents/S22/Projects/single-cycle-mips-processor-group-1_02/SingleCycle/cpre381-toolflow/proj/src/TopLevel/andg2.vhd Line: 23
Info (12021): Found 2 design units, including 1 entities, in source file /home/zrhirst/Documents/S22/Projects/single-cycle-mips-processor-group-1_02/SingleCycle/cpre381-toolflow/proj/src/TopLevel/andg_N.vhd
    Info (12022): Found design unit 1: andg_N-structural File: /home/zrhirst/Documents/S22/Projects/single-cycle-mips-processor-group-1_02/SingleCycle/cpre381-toolflow/proj/src/TopLevel/andg_N.vhd Line: 11
    Info (12023): Found entity 1: andg_N File: /home/zrhirst/Documents/S22/Projects/single-cycle-mips-processor-group-1_02/SingleCycle/cpre381-toolflow/proj/src/TopLevel/andg_N.vhd Line: 4
Info (12021): Found 2 design units, including 1 entities, in source file /home/zrhirst/Documents/S22/Projects/single-cycle-mips-processor-group-1_02/SingleCycle/cpre381-toolflow/proj/src/TopLevel/barrelShifter.vhd
    Info (12022): Found design unit 1: barrelShifter-structural File: /home/zrhirst/Documents/S22/Projects/single-cycle-mips-processor-group-1_02/SingleCycle/cpre381-toolflow/proj/src/TopLevel/barrelShifter.vhd Line: 12
    Info (12023): Found entity 1: barrelShifter File: /home/zrhirst/Documents/S22/Projects/single-cycle-mips-processor-group-1_02/SingleCycle/cpre381-toolflow/proj/src/TopLevel/barrelShifter.vhd Line: 4
Info (12021): Found 2 design units, including 1 entities, in source file /home/zrhirst/Documents/S22/Projects/single-cycle-mips-processor-group-1_02/SingleCycle/cpre381-toolflow/proj/src/TopLevel/bitReverser.vhd
    Info (12022): Found design unit 1: bitReverser-structural File: /home/zrhirst/Documents/S22/Projects/single-cycle-mips-processor-group-1_02/SingleCycle/cpre381-toolflow/proj/src/TopLevel/bitReverser.vhd Line: 11
    Info (12023): Found entity 1: bitReverser File: /home/zrhirst/Documents/S22/Projects/single-cycle-mips-processor-group-1_02/SingleCycle/cpre381-toolflow/proj/src/TopLevel/bitReverser.vhd Line: 4
Info (12021): Found 2 design units, including 1 entities, in source file /home/zrhirst/Documents/S22/Projects/single-cycle-mips-processor-group-1_02/SingleCycle/cpre381-toolflow/proj/src/TopLevel/controllogic.vhd
    Info (12022): Found design unit 1: controllogic-casestatement File: /home/zrhirst/Documents/S22/Projects/single-cycle-mips-processor-group-1_02/SingleCycle/cpre381-toolflow/proj/src/TopLevel/controllogic.vhd Line: 24
    Info (12023): Found entity 1: controllogic File: /home/zrhirst/Documents/S22/Projects/single-cycle-mips-processor-group-1_02/SingleCycle/cpre381-toolflow/proj/src/TopLevel/controllogic.vhd Line: 4
Info (12021): Found 2 design units, including 1 entities, in source file /home/zrhirst/Documents/S22/Projects/single-cycle-mips-processor-group-1_02/SingleCycle/cpre381-toolflow/proj/src/TopLevel/decoder5-32.vhd
    Info (12022): Found design unit 1: decoder5to32-behavioral File: /home/zrhirst/Documents/S22/Projects/single-cycle-mips-processor-group-1_02/SingleCycle/cpre381-toolflow/proj/src/TopLevel/decoder5-32.vhd Line: 13
    Info (12023): Found entity 1: decoder5to32 File: /home/zrhirst/Documents/S22/Projects/single-cycle-mips-processor-group-1_02/SingleCycle/cpre381-toolflow/proj/src/TopLevel/decoder5-32.vhd Line: 4
Info (12021): Found 2 design units, including 1 entities, in source file /home/zrhirst/Documents/S22/Projects/single-cycle-mips-processor-group-1_02/SingleCycle/cpre381-toolflow/proj/src/TopLevel/dffg.vhd
    Info (12022): Found design unit 1: dffg-mixed File: /home/zrhirst/Documents/S22/Projects/single-cycle-mips-processor-group-1_02/SingleCycle/cpre381-toolflow/proj/src/TopLevel/dffg.vhd Line: 33
    Info (12023): Found entity 1: dffg File: /home/zrhirst/Documents/S22/Projects/single-cycle-mips-processor-group-1_02/SingleCycle/cpre381-toolflow/proj/src/TopLevel/dffg.vhd Line: 23
Info (12021): Found 2 design units, including 1 entities, in source file /home/zrhirst/Documents/S22/Projects/single-cycle-mips-processor-group-1_02/SingleCycle/cpre381-toolflow/proj/src/TopLevel/extender.vhd
    Info (12022): Found design unit 1: extender-data File: /home/zrhirst/Documents/S22/Projects/single-cycle-mips-processor-group-1_02/SingleCycle/cpre381-toolflow/proj/src/TopLevel/extender.vhd Line: 11
    Info (12023): Found entity 1: extender File: /home/zrhirst/Documents/S22/Projects/single-cycle-mips-processor-group-1_02/SingleCycle/cpre381-toolflow/proj/src/TopLevel/extender.vhd Line: 4
Info (12021): Found 2 design units, including 1 entities, in source file /home/zrhirst/Documents/S22/Projects/single-cycle-mips-processor-group-1_02/SingleCycle/cpre381-toolflow/proj/src/TopLevel/invg.vhd
    Info (12022): Found design unit 1: invg-dataflow File: /home/zrhirst/Documents/S22/Projects/single-cycle-mips-processor-group-1_02/SingleCycle/cpre381-toolflow/proj/src/TopLevel/invg.vhd Line: 30
    Info (12023): Found entity 1: invg File: /home/zrhirst/Documents/S22/Projects/single-cycle-mips-processor-group-1_02/SingleCycle/cpre381-toolflow/proj/src/TopLevel/invg.vhd Line: 23
Info (12021): Found 2 design units, including 1 entities, in source file /home/zrhirst/Documents/S22/Projects/single-cycle-mips-processor-group-1_02/SingleCycle/cpre381-toolflow/proj/src/TopLevel/mem.vhd
    Info (12022): Found design unit 1: mem-rtl File: /home/zrhirst/Documents/S22/Projects/single-cycle-mips-processor-group-1_02/SingleCycle/cpre381-toolflow/proj/src/TopLevel/mem.vhd Line: 27
    Info (12023): Found entity 1: mem File: /home/zrhirst/Documents/S22/Projects/single-cycle-mips-processor-group-1_02/SingleCycle/cpre381-toolflow/proj/src/TopLevel/mem.vhd Line: 8
Info (12021): Found 2 design units, including 1 entities, in source file /home/zrhirst/Documents/S22/Projects/single-cycle-mips-processor-group-1_02/SingleCycle/cpre381-toolflow/proj/src/TopLevel/mux2t1.vhd
    Info (12022): Found design unit 1: mux2t1-structural File: /home/zrhirst/Documents/S22/Projects/single-cycle-mips-processor-group-1_02/SingleCycle/cpre381-toolflow/proj/src/TopLevel/mux2t1.vhd Line: 12
    Info (12023): Found entity 1: mux2t1 File: /home/zrhirst/Documents/S22/Projects/single-cycle-mips-processor-group-1_02/SingleCycle/cpre381-toolflow/proj/src/TopLevel/mux2t1.vhd Line: 4
Info (12021): Found 2 design units, including 1 entities, in source file /home/zrhirst/Documents/S22/Projects/single-cycle-mips-processor-group-1_02/SingleCycle/cpre381-toolflow/proj/src/TopLevel/mux2t1_N.vhd
    Info (12022): Found design unit 1: mux2t1_N-structural File: /home/zrhirst/Documents/S22/Projects/single-cycle-mips-processor-group-1_02/SingleCycle/cpre381-toolflow/proj/src/TopLevel/mux2t1_N.vhd Line: 30
    Info (12023): Found entity 1: mux2t1_N File: /home/zrhirst/Documents/S22/Projects/single-cycle-mips-processor-group-1_02/SingleCycle/cpre381-toolflow/proj/src/TopLevel/mux2t1_N.vhd Line: 21
Info (12021): Found 2 design units, including 1 entities, in source file /home/zrhirst/Documents/S22/Projects/single-cycle-mips-processor-group-1_02/SingleCycle/cpre381-toolflow/proj/src/TopLevel/mux32to1.vhd
    Info (12022): Found design unit 1: mux32to1-behavioral File: /home/zrhirst/Documents/S22/Projects/single-cycle-mips-processor-group-1_02/SingleCycle/cpre381-toolflow/proj/src/TopLevel/mux32to1.vhd Line: 43
    Info (12023): Found entity 1: mux32to1 File: /home/zrhirst/Documents/S22/Projects/single-cycle-mips-processor-group-1_02/SingleCycle/cpre381-toolflow/proj/src/TopLevel/mux32to1.vhd Line: 4
Info (12021): Found 2 design units, including 1 entities, in source file /home/zrhirst/Documents/S22/Projects/single-cycle-mips-processor-group-1_02/SingleCycle/cpre381-toolflow/proj/src/TopLevel/org2.vhd
    Info (12022): Found design unit 1: org2-dataflow File: /home/zrhirst/Documents/S22/Projects/single-cycle-mips-processor-group-1_02/SingleCycle/cpre381-toolflow/proj/src/TopLevel/org2.vhd Line: 31
    Info (12023): Found entity 1: org2 File: /home/zrhirst/Documents/S22/Projects/single-cycle-mips-processor-group-1_02/SingleCycle/cpre381-toolflow/proj/src/TopLevel/org2.vhd Line: 23
Info (12021): Found 2 design units, including 1 entities, in source file /home/zrhirst/Documents/S22/Projects/single-cycle-mips-processor-group-1_02/SingleCycle/cpre381-toolflow/proj/src/TopLevel/org_N.vhd
    Info (12022): Found design unit 1: org_N-structural File: /home/zrhirst/Documents/S22/Projects/single-cycle-mips-processor-group-1_02/SingleCycle/cpre381-toolflow/proj/src/TopLevel/org_N.vhd Line: 11
    Info (12023): Found entity 1: org_N File: /home/zrhirst/Documents/S22/Projects/single-cycle-mips-processor-group-1_02/SingleCycle/cpre381-toolflow/proj/src/TopLevel/org_N.vhd Line: 4
Info (12021): Found 2 design units, including 1 entities, in source file /home/zrhirst/Documents/S22/Projects/single-cycle-mips-processor-group-1_02/SingleCycle/cpre381-toolflow/proj/src/TopLevel/programcounter.vhd
    Info (12022): Found design unit 1: programcounter-structural File: /home/zrhirst/Documents/S22/Projects/single-cycle-mips-processor-group-1_02/SingleCycle/cpre381-toolflow/proj/src/TopLevel/programcounter.vhd Line: 11
    Info (12023): Found entity 1: programcounter File: /home/zrhirst/Documents/S22/Projects/single-cycle-mips-processor-group-1_02/SingleCycle/cpre381-toolflow/proj/src/TopLevel/programcounter.vhd Line: 4
Info (12021): Found 2 design units, including 1 entities, in source file /home/zrhirst/Documents/S22/Projects/single-cycle-mips-processor-group-1_02/SingleCycle/cpre381-toolflow/proj/src/TopLevel/register.vhd
    Info (12022): Found design unit 1: register1-structural File: /home/zrhirst/Documents/S22/Projects/single-cycle-mips-processor-group-1_02/SingleCycle/cpre381-toolflow/proj/src/TopLevel/register.vhd Line: 14
    Info (12023): Found entity 1: register1 File: /home/zrhirst/Documents/S22/Projects/single-cycle-mips-processor-group-1_02/SingleCycle/cpre381-toolflow/proj/src/TopLevel/register.vhd Line: 4
Info (12021): Found 2 design units, including 1 entities, in source file /home/zrhirst/Documents/S22/Projects/single-cycle-mips-processor-group-1_02/SingleCycle/cpre381-toolflow/proj/src/TopLevel/registerfile.vhd
    Info (12022): Found design unit 1: registerfile-structural File: /home/zrhirst/Documents/S22/Projects/single-cycle-mips-processor-group-1_02/SingleCycle/cpre381-toolflow/proj/src/TopLevel/registerfile.vhd Line: 19
    Info (12023): Found entity 1: registerfile File: /home/zrhirst/Documents/S22/Projects/single-cycle-mips-processor-group-1_02/SingleCycle/cpre381-toolflow/proj/src/TopLevel/registerfile.vhd Line: 5
Info (12021): Found 2 design units, including 1 entities, in source file /home/zrhirst/Documents/S22/Projects/single-cycle-mips-processor-group-1_02/SingleCycle/cpre381-toolflow/proj/src/TopLevel/slt.vhd
    Info (12022): Found design unit 1: slt_N-structural File: /home/zrhirst/Documents/S22/Projects/single-cycle-mips-processor-group-1_02/SingleCycle/cpre381-toolflow/proj/src/TopLevel/slt.vhd Line: 11
    Info (12023): Found entity 1: slt_N File: /home/zrhirst/Documents/S22/Projects/single-cycle-mips-processor-group-1_02/SingleCycle/cpre381-toolflow/proj/src/TopLevel/slt.vhd Line: 4
Info (12021): Found 2 design units, including 1 entities, in source file /home/zrhirst/Documents/S22/Projects/single-cycle-mips-processor-group-1_02/SingleCycle/cpre381-toolflow/proj/src/TopLevel/xorg2.vhd
    Info (12022): Found design unit 1: xorg2-dataflow File: /home/zrhirst/Documents/S22/Projects/single-cycle-mips-processor-group-1_02/SingleCycle/cpre381-toolflow/proj/src/TopLevel/xorg2.vhd Line: 31
    Info (12023): Found entity 1: xorg2 File: /home/zrhirst/Documents/S22/Projects/single-cycle-mips-processor-group-1_02/SingleCycle/cpre381-toolflow/proj/src/TopLevel/xorg2.vhd Line: 23
Info (12021): Found 2 design units, including 1 entities, in source file /home/zrhirst/Documents/S22/Projects/single-cycle-mips-processor-group-1_02/SingleCycle/cpre381-toolflow/proj/src/TopLevel/xorg_N.vhd
    Info (12022): Found design unit 1: xorg_N-structural File: /home/zrhirst/Documents/S22/Projects/single-cycle-mips-processor-group-1_02/SingleCycle/cpre381-toolflow/proj/src/TopLevel/xorg_N.vhd Line: 11
    Info (12023): Found entity 1: xorg_N File: /home/zrhirst/Documents/S22/Projects/single-cycle-mips-processor-group-1_02/SingleCycle/cpre381-toolflow/proj/src/TopLevel/xorg_N.vhd Line: 4
Error: Quartus Prime Analysis & Synthesis was unsuccessful. 2 errors, 1 warning
    Error: Peak virtual memory: 549 megabytes
    Error: Processing ended: Wed May  4 10:13:57 2022
    Error: Elapsed time: 00:00:08
    Error: Total CPU time (on all processors): 00:00:29


